Connecting
Chaudhary731 - RT @AyishaBaloch: India is mov...

josedelariva7 - RT @GxldSociety: Omg India and...

Indiaairie - RT @LightskinChico: India bett...

KamalHaider1991 - RT @hiindustanii: Shame on for...

matt_brownlee8 - RT @jamavelli: THE GAME IS IN ...

ayan0na - RT @alt2media: #india #Kashmir...

Skipped because Hindi RT @La_SER: #LoMásVistoHoy Rescatan a un bebé elefante que había quedado atrapado en un pozo en India http://t.co/WZXnhyI0QI http://t.co/lL…
shapednoise - RT @ChristineMilne: Australia ...

Skipped because Hindi RT @Sportygirl73: A chi sostiene che l'India è un paese "magico" guardi queste foto...tradizioni millenarie. Vergognoso ! #estinzione http:…
Ghulam1994Gn - BC main twitter per Mr. India ...

VIDZSKY - India Inc, politicos react to ...

Indiaairie - RT @QuannDaDon: India do alott...

LFCIndia - Thanks to all our fans in Indi...

ABNSConsultancy - I have a job opening for an Op...

emraan142 - RT @DrunkVinodMehta: Modi can ...

JustSeenThis - VIDEO: India's women-only buil...

Nekoleeee - RT @navywest: India a dumbass....

Gupta17insan - RT @saloniradhainsa: #MSG2Teas...

mhxvrt - RT @kimmiealmighty: someone ge...

EddingtonStepha - Illuminator placement of adver...

LovePoldi - RT @makeinindia: Take a peek a...

Skipped because Hindi Cientos de aldeanos observaron el rescate de un bebé elefante que cayó en un pozo en una comunidad de la India. http://t.co/8DzuvZwCrM
KAlagbada - RT @Smooth981FM: #thesmoothses...

mkotadiya - RT @outburstindia: Modi didn't...

chiku_piku - RT @MissSonalChadha: The TRP g...

Indiaairie - RT @QuannDaDon: India groupies...

AndrewLeapman - 'ugly suggestion tussle' into ...

Shaimarion - India love was born in 1996
Th...

amsterdam_news - India to host 2018 Theatre Oly...

MichelleBriann5 - Disappearance commutation pack...

iossocial - RT @bapusuratsingh: 37 more an...

Skipped because Hindi 😂 https://t.co/YGgliFStcD
atinderCGC - RT @yespunjab: #India has fore...

metyogi - RT @ibnlive: BJP never promise...

Skipped because Hindi SiddharthRoy25: https://t.co/tb0rPsgz9N Kabir_grewal1 RELvsSCI TimesNow DrGPradhan anilkapur_ geeta_raina Promila… https://t.co/Afmou0JsSx
Rrisky__ - so the game was fingering indi...

graupelironclad - RT @BonVoyageurs: Had to aband...

BillionNeeded - RT @Ivan_splash: The Game out ...

lovelysneha_ - Krrisshna: https://t.co/tb0rPs...

MadeMen94 - RT @jamavelli: THE GAME IS IN ...

lovelysneha_ - expertmile: https://t.co/tb0rP...

AgraKiran - #NewsTraders spread lies even ...

MrLyons43 - RT @Ivan_splash: The Game out ...

lovelysneha_ - metyogi: https://t.co/tb0rPsgz...

kailashrjoshi - RT @ratigirl: Oh no Mister... ...

lovelysneha_ - hiindustanii: https://t.co/tb0...

lovelysneha_ - contact63060948: https://t.co/...

TrinityKelia - She barely legal 💀 this worse ...

Connecting
justinch1do - RT @justinayexo: INDIA #MTVHot...

heIdanaa - RT @I_HATE_VA: Guess we don't ...

jimi1010ali - Google Lobbied Against Real Ne...

justinch1do - RT @votenpls8: INDIA #MTVHotte...

in_meta_guide - Pakistan's National Security A...

ForBharath - RT @avinashchoubey: #FightBack...

justinch1do - RT @swagjustindbm12: INDIA #MT...

agscomparin - LA ARGENTINA Y LA INDIA FORTAL...

Skipped because Hindi RT @pablo_arriola: AHORA #LaTortillaVoladora viajando por la India. @DiegoRuete @POPTV_uy http://t.co/QaNqPZg69b http://t.co/4dKTGR0Flz
Prettiefatgirl - RT @SharThaReal: Aw I was bout...

halbense_deb - RT @amendolaart: India Flower ...

ForBharath - RT @avinashchoubey: Emergence ...

justinch1do - RT @swagjustindbm15: INDIA #MT...

justinch1do - RT @swagjustindbm11: INDIA #MT...

AfricanLadyy - RT @Ivan_splash: The Game out ...

NalinDesai1 - RT @Rubina_BigB_EF: @SrBachcha...

DineoWaGaMakuru - RT @mbindwane: There used to b...

Skipped because Hindi Tierno y emotivo rescate de un elefante que había caído a un pozo: El hecho sucedió en la India, donde un cach... http://t.co/eIzKe74EX3
agscomparin - LA ARGENTINA Y LA INDIA FORTAL...

mycomfor - #Cricket - Kumar Sangakkara: I...

_TokyoNunie - RT @Ivan_splash: The Game out ...

Skipped because Hindi mahesh bhatt ne aap ko futhure deyaa is ka jah matlab nahi ab tum teror ban jaao bjp govt hae is ley
1124Danny - RT @GxldSociety: Omg India and...

UsedCars4sa - Renault In Talks To Purchase M...

DaRealDopeRozay - the game and india love r my f...

famoussgirlse - RT @I_HATE_VA: Guess we don't ...

vawlm - RT @WTFGIFsPics: A usual view ...

justinch1do - RT @votenpls2: INDIA #MTVHotte...

justinch1do - RT @votenpls3: INDIA #MTVHotte...

GilliGilll - RT @SargeMighty: @thegame  out...

JCarlosMiss - RT @ValaAfshar: World Populati...

justinch1do - RT @swagjustindbm13: INDIA #MT...

securedarchives - The Apple of China: Not far of...

Kate_M_McGrath - Minister Joyce opening the thi...

justinch1do - RT @Zaharii_5: INDIA #MTVHotte...

_Lorenaabri - RT @PaisajesGeo: Hawa Majal, I...

Skipped because Hindi @JosemiFutlbol @Juan_Calatayud suerte al grupo de españoles q va para la India.gitano en cada paso estoy contigo.no te digo nada...
Skipped because Hindi Kalkinan kalkinana https://t.co/fV86qoc6zP
DaMandemGlucose - RT @excogitate123: Women from ...

JaveedAhmedM - RT @Joydas: Chidambaram had on...

purplexchanel - RT @Ivan_splash: The Game out ...

the_best_joy - RT @SargeMighty: @thegame  out...

Skipped because Hindi 😭😭😭😭😭😭😭 https://t.co/gByLfXF7ur
windancermei07 - RT @BBCEarth: 18 remarkable sh...

anuradharc - RT @Live_InStyle: India's favo...

KristineAlexand - RT @AWanhalla: Morrison: speak...

amyjadelambton - @indiaellis_ but I am the brig...

Skipped because Hindi Que??!!! https://t.co/OFPG42SLWL
floyds_sameer - RT @ZaffarBaloch: Why #Delhi #...

FinchWendy - Online rub down lodge india: D...

tamilbrahmins - Why Arent Indias Women Worki...

LucaSessich97 - RT @WTFGIFsPics: A usual view ...

news24hbgd - Interesting facts about Shah R...

jaimenack - RT @FastCompany: Can Uber win ...

upadhyayrahul55 - RT Airavta: BJP Punjab preside...

Skipped because Hindi RT @viveklkw: जब से विदेशी चंदे का धंदा क्या बंद हुआ है पगलाये जा रहे है ये NGO की पैदाइश वाले !!! https://t.co/urtwTyZDP4
SpokeAna - RT @awescar: Captain America o...

Skipped because Hindi gwarn India http://t.co/I6h1OuF4zG
Skipped because Hindi CHPSRE: Humans Are Set To Wipe An India-Sized Chunk Of Forest Off The Earth By 2050 http://t.co/6XboYzwNXM via c… http://t.co/F5h9FclD47
cbmena - You could fill India with the ...

ebrryaviation - Facebook India has said it is ...

SasikamolS - RT @JARiiseOfficial: Thank you...

hashpune - GB seeks separate bids for Pun...

punetalks - GB seeks separate bids for Pun...

srijithunni - RT @India_Policy: Delhi BJP is...

crownbadgal - RT @GAY4_RIHANNA: Does Her Pus...

LayoMarcus - RT @Ivan_splash: The Game out ...

floyds_sameer - RT @ExSecular: 300 terrorists ...

csmadhucs - RT @neel_sb: When markets surg...

PetraZabalgana - India http://t.co/uInGIWTAEi...

etribune - (Editorial) Another dead end h...

Salman_Preeti - RT @mystery0725: @BeingSalmanK...

DCBuzzNet - RT @tomcloudchatter: Google, A...

secular786 - RT @ramana_brf: PC was looting...

RithAshaFan - RT @upasana_patel: #Ashvikians...

Praise__Me - So is the game fucking India l...

vawlm - RT @WTFGIFsPics: People bathin...

PrettyLuhKai - RT @HoodPopeSnicks: The game w...

DeCoutino - RT @amendolaart: India Flower ...

csmadhucs - RT @Pran_ii: Now its the Time ...

Skipped because Hindi RT @AreaBSD: Di India, wanita mengenakan cincin di hidung mereka untuk menunjukkan bahwa mereka sudah menikah.
DavidHerediaHC - RT @PaisajeGeo: Kerala, India....

Maryiam_San - @Willz79th @IBeCaitlin__ I had...

Doug_CL_Allen - India - Ambush Marketing: Wher...

aldoceccarelli - Google Lobbied Against Real Ne...

csmadhucs - RT @Pran_ii: MMS spoke less be...

yieldtech - RT @ciobrody: http://t.co/MNtC...

Miss_Daksi - Indra - Come to India #np...

xTiaPia__ - RT @Pattric: If the Game datin...

BeckerHamphrey - Have a hunch seo india conside...

Ni4u - Ministries’ casual approach to...

amit_malh - @neilhaslam90 @shaziailmi @taj...

DesiNewsyTweets - RT @sadanandramna: Latest : Pa...

SwaroopH - I think @Amazon India is much ...

AnupamPkher - RT @kait992004: @AnupamPkher @...

Skipped because Hindi #dontscrewyourorderup #shoplocal http://t.co/v6fs7hMbXh :-) (@ Exotic India in Coralville, IA) https://t.co/6bCQtKIF2x
_jm1217 - RT @AshST17: India should actu...

kandiceperkins - RT @SargeMighty: @thegame  out...

prabin1206 - RT @ProudHindu9: Gandhis in Sh...

danchantall9 - RT @julia_zba: India http://t....

Skipped because Hindi Arun jaitley is destroying bjp  https://t.co/ItTStdx6Wi
dazdesb - RT @CECHR_UoD: On track to los...

nykairaaaa_ - RT @GAY4_RIHANNA: Does Her Pus...

zucecojuvuru - At Least 6 Dead as Runaway Tru...

_Naynay_YPG - RT @TheBossLadyLife: India Wes...

ScientificYogi - @HinduRajyam @Hindustanse @got...

Amit_OVBI - RT @ZaffarBaloch: Why #Delhi #...

Shhh_Niya - RT @Ivan_splash: The Game out ...

0toTrill - RT @Desisgone: The Game caught...

_muffinsss - RT @Desisgone: The Game caught...

aallen010 - RT @Desisgone: The Game caught...

BlahShutUpHoe - RT @Desisgone: The Game caught...

Chyna_Cymone - RT @Desisgone: The Game caught...

ChaizYnic - RT @Desisgone: The Game caught...

Skipped because Hindi Xbox One Will Not Be Exclusive to Amazon India From Next Month http://t.co/rE2IPdUWDy
_TeezusTheGod - RT @Desisgone: The Game caught...

DaiIyEmpire - RT @Desisgone: The Game caught...

Dawmineek - RT @Desisgone: The Game caught...

DrugsOverThots - RT @Desisgone: The Game caught...

Condomsovakids - RT @Desisgone: The Game caught...

DaRealDarry - RT @Desisgone: The Game caught...

FijiBoiDlo - RT @Desisgone: The Game caught...

G0LDENJPG - RT @Desisgone: The Game caught...

FinerMarijuana - RT @Desisgone: The Game caught...

GoodieGirlAngie - RT @Desisgone: The Game caught...

imjustinray - RT @Desisgone: The Game caught...

iPUNCHGrandpas - RT @Desisgone: The Game caught...

ItsFrrankOcean - RT @Desisgone: The Game caught...

JamoneAntonio - RT @Desisgone: The Game caught...

itsFettyWap__ - RT @Desisgone: The Game caught...

IKnowRashad - RT @Desisgone: The Game caught...

iAmKayRochelle - RT @Desisgone: The Game caught...

JC_Oneal21 - RT @Desisgone: The Game caught...

The0nna_xo - RT @ShaolinMeth: You seen they...

LIOSE7EN - RT @Desisgone: The Game caught...

Loveyungcotta - RT @Desisgone: The Game caught...

Necole_Monroe - RT @Desisgone: The Game caught...

mtvjoey - RT @Desisgone: The Game caught...

MayaLouu_ - RT @Desisgone: The Game caught...

anuradharc - RT @Live_InStyle: He is India'...

ObiWanKevObi - RT @Desisgone: The Game caught...

Ochentaz - RT @Desisgone: The Game caught...

okayboonk - RT @Desisgone: The Game caught...

Skipped because Hindi Podras tener Audi, podras vivir solo y tener 22 años, podras tener una vida de lujos. 
Pero tu cara de india no te la quita nadie.
OfficiallDre - RT @Desisgone: The Game caught...

penilroxXx - RT @Desisgone: The Game caught...

QueenKeira_ - RT @Desisgone: The Game caught...

OfficialJB10_ - RT @Desisgone: The Game caught...

ReillySmall - RT @Desisgone: The Game caught...

RAPiDFiRE_SODMG - RT @Desisgone: The Game caught...

safari_baby - RT @Desisgone: The Game caught...

SilkVibes - RT @Desisgone: The Game caught...

Sahnami - RT @Desisgone: The Game caught...

SincerelyNikki_ - RT @Desisgone: The Game caught...

SK_TheKing_ - RT @Desisgone: The Game caught...

sparklybambi - RT @Desisgone: The Game caught...

ThatLatino973 - RT @Desisgone: The Game caught...

ThatXanaxVibe - RT @Desisgone: The Game caught...

SweetAngel_33 - RT @Desisgone: The Game caught...

TheRealKingHef - RT @Desisgone: The Game caught...

TayWest - RT @Desisgone: The Game caught...

Skipped because Hindi NOW THIS FAST FOR MONSOON AND DROUGHT FREE INDIA,सब सिद्ध,संत भी मेरी मदद करेगे,मझे पूर्ण विश्वास है http://t.co/URWnKwZPp2#rajans0208
TheRawestMike - RT @Desisgone: The Game caught...

ThinknMoney_365 - RT @Desisgone: The Game caught...

TheRealLilTae - RT @Desisgone: The Game caught...

undisturbedsoul - RT @Desisgone: The Game caught...

TwiterVibes - RT @Desisgone: The Game caught...

WitchoThirstyAz - RT @Desisgone: The Game caught...

WorldOfStacie - RT @Desisgone: The Game caught...

WeeklyDan - RT @Desisgone: The Game caught...

Ya_Boy_Crump - RT @Desisgone: The Game caught...

YourFavPosts - RT @Desisgone: The Game caught...

WarrenD314 - RT @Desisgone: The Game caught...

Skipped because Hindi Modi Modi..Modi!! @SriSri  https://t.co/5Yj1xXedwD
plural_india - RT @DrunkVinodMehta: Modi can ...

atlantechatlbiz - RT @cgcalnan: #India tech hub ...

WebFeetResearch - WhatsApp added to teachers’ wo...

RealEstIndustry - Future looks bleak for India's...

Skipped because Hindi @Monisha31 i tld u na u can chek out @enrique305  nd @Louis_Tomlinson hve bn cme in india even @BurjKhalifa also bt khalifa was nt wid dem
Skipped because Hindi Bayi di India Terlahir dengan Tiga Penis http://t.co/8pZ4gJ4yX8 #MentionSatu
fafaqozebuvu - At Least 6 Dead as Runaway Tru...

cheapitemsg - 7 mm India Lobular Rosewood re...

LouiseEtsy - RT @amendolaart: India Flower ...

TheyLovin_James - RT @Desisgone: The Game caught...

PeopleRead_IN - United Nations' Paris summit: ...

pkuser2k12 - RT @AQpk: #NawazSharif govt bl...

jahekykadapy - At Least 6 Dead as Runaway Tru...

beqezygimipi - At Least 6 Dead as Runaway Tru...

indian24news - Jains take to streets in Kolka...

aayikam - RT @GxldSociety: Omg India and...

sunilkasana - RT @ProudHindu9: Gandhis in Sh...

IBeCaitlin__ - @Maryiam_San India be down lik...

onlyonemady - RT @Desisgone: The Game caught...

Tkamal147 - @beenasarwar Talk about what? ...

xTiaPia__ - Trust me there was outrage for...

Just_Jensz - RT @Ivan_splash: The Game out ...

DeCoutino - RT @Desisgone: The Game caught...

HisFavColour - RT @GxldSociety: Omg India and...

EarthSciencenew - A Seismic Shift in India's Pak...

Nolanelle - Astronaut claimsAliens stopped...

Skipped because Hindi News: Google Lobbied Against Real Net Neutrality In India, Just Like It Did In The ... – google http://t.co/lm0ZAPt4XP #charity
BandeKhuda - It's Delhi,  India http://t.co...

licekomozyc - At Least 6 Dead as Runaway Tru...

Poetic_Brains - RT @Desisgone: The Game caught...

Skipped because Hindi México e India colaboran en materia espacial: http://t.co/HTpQO9hHWQ http://t.co/Ut5ExR21lw
BellaWatson11 - Incremental imposing an onus i...

MaryAnt68924776 - Prerequisite upon which hold u...

candii_cam - RT @Desisgone: The Game caught...

Skipped because Hindi 😂👀 https://t.co/t7YGSzm4S4
Skipped because Hindi IPM-ES16 India 20 Rupees E Inset P103b Sig.90 Replacement Unc 2013 http://t.co/nexXau5QSW http://t.co/fGPuMIqiEF
_FlawlessT - RT @simpingNpimping: The nerve...

timesofindia - Renewable energy on PM’s US ag...

djavo_u_raju27 - RT @Miss_Daksi: Indra - Come t...

IBXtea - Anti-TMC call by Left:  … seek...

AlbertsonForste - Final angle pertaining to phys...

atulgrwl - RT @Airavta: BJP Punjab presid...

myvanefycala - At Least 6 Dead as Runaway Tru...

silviaaapamela - RT @Desisgone: The Game caught...

BanerjiSougata - RT @NMenonRao: My paper: "Tell...

malayuuuh - RT @Desisgone: The Game caught...

GoldenLvst - RT @Desisgone: The Game caught...

simon_g143 - RT @Desisgone: The Game caught...

SHP_Lifepurpose - Explore the Franco-Tamil Cuisi...

Rianca_ - RT @Ivan_splash: The Game out ...

praman_k - @Swamy39 Sir, Do you still thi...

trillonee_ - the fact that the game looked ...

kimberlyy_29 - RT @Desisgone: The Game caught...

BossK__ - RT @Desisgone: The Game caught...

duncanpub - India ale 5%abv in vintage pin...

Charulatha_K - Accepting Applications: need o...

csmadhucs - RT @Ritatornad: Accept it Arun...

rajans0208 - ON 25th DAY OF MY FAST FOR DEF...

Respect_Rastah - RT @Desisgone: The Game caught...

pokedext - RT @Desisgone: The Game caught...

Beto16Foreal - RT @Desisgone: The Game caught...

KiingJoey - RT @Ivan_splash: The Game out ...

cofudinywezu - At Least 6 Dead as Runaway Tru...

AlmightySpace - RT @Desisgone: The Game caught...

Skipped because Hindi o.O  https://t.co/0QFjTSaAC5
OtfJay_ - RT @Desisgone: The Game caught...

AcheDinAaneWale - China share plunge smacks worl...

Highjumphouston - RT @Desisgone: The Game caught...

AcheDinAaneWale - Explosions at gas terminal roc...

AcheDinAaneWale - Wall St. has worst day in four...

AcheDinAaneWale - Islamic State attacks kill 51 ...

kyledilks23 - RT @Desisgone: The Game caught...

AcheDinAaneWale - U.S. judge says Palestinian Au...

AcheDinAaneWale - U.S. judge says Palestinian Au...

Silver_Bellls - RT @Desisgone: The Game caught...

NicholeAppleto1 - Advantageousness as respects N...

VivienReiss - @Laibamaryam154 This girl is g...

WilliaDahl - @ishmeetnarula.com. This show ...

staten_mark - RT @GAY4_RIHANNA: Does Her Pus...

TierraDanielson - @balajivis) This girl is going...

WilheminaBurich - @Gur_leen This girl is going v...

Lead_ership - India can bounce back quickly ...

MikaHunger - @itorian) This girl is going v...

RonaHoefert - @VJTI_College Join India's bes...

princessssfasho - RT @Desisgone: The Game caught...

RaySchlott - @neerajajaya1224) Help India m...

PamulaLarrimore - @VvVikramvikky This show is go...

ShalonOthman - @AmitHPanchal. This girl is go...

MaryleeFedrick - @SunderNagesh This girl is goi...

MerlynTiet - @vishutomar176 Join India's be...

SabinaGierisch - @nair_sharika This girl is goi...

RoyFinzel - @_naiyalex_. Help India make a...

TimeofIslamabad - Indian Sensex index new lows a...

ReaHysinger - @officerui) This show is going...

JessicaLaford - @nags7793) This girl is going ...

IdaliaIngmire - @harishvenkate Join India's be...

Kyrah_B - RT @Desisgone: The Game caught...

DannieHumason - @linuslundin Help India make a...

HaWarmbrodt - @VJaitwar This show is going v...

xxxLogixxx - Still funny lol.  https://t.co...

smartican - @BichhuG This girl is going vi...

Skipped because Hindi @cremedelacremy Vasco mais perdido que Pedro Alvares Cabral indo pra India
ChristiaDorko - @YogaBootCamp). Join India's b...

VickyJaiye - RT @GxldSociety: Omg India and...

TonaHierholzer - @GPurvi): Help India make a Sc...

GlennDuca - @chandramj9 Help India make a ...

ShanelleSallee - @ColRowan123): This show is go...

ThaliaGaro - @llz1985 Help India make a Sca...

MelodieEmanuele - @raoulrkb This girl is going v...

ShaquitaRedish - @3de397b4b0b74f2 This show is ...

LavelleAlmeida - @shahrahul311 Help India make ...

4_Empowerments - Dalai Lama recklessness DEMAND...

VioletMcmickle - @rekharaj3). This show is goin...

WanetaLysiak - @Ashishdosad This girl is goin...

aarshiht - @ABhushanseth Join India's bes...

NaomaDomann - @roopcie): This show is going ...

EstellaKump - @Gatz77 Join India's best soci...

jimi1010ali - Google Lobbied Against Real Ne...

OdetteWojnar - @FreestyIeRaps. This girl is g...

KathiOglesbee - @myself_pari). This girl is go...

Yeah_LOL_No - RT @Desisgone: The Game caught...

Skipped because Hindi Zdjęcie: breathtakingdestinations: Arambol Beach - Goa - India (by Amit Rawat) http://t.co/nQU93Vcy5r
JasmineCholico - @punyagill). Help India make a...

DebbiPopken - @TamannaHamrahi This girl is g...

DebbiSanty - @kanyasugan99 Help India make ...

EleneMarales - @nakhrebaz_jatti This show is ...

Skipped because Hindi India, Pakistan Sing at Each Other - http://t.co/nTdkxwhowz  #LifeStyle_Indian_Express http://t.co/oKEmvFcBQv
FloyDrenon - @PariRamone Join India's best ...

CorineFreer - @vgsk09 Help India make a Scam...

FerminaAnglen - @narenderoracle Join India's b...

_Airwic - RT @Desisgone: The Game caught...

Morgannnsl - RT @Desisgone: The Game caught...

GHGateway - Millions of people are alive t...

SSemajj_ - RT @Desisgone: The Game caught...

misspoo4ever - RT @youranonfactz: [Tech] Goog...

JRBSays - FactCheck Q&amp;A: Will India ...

AvoKendrick - RT @Desisgone: The Game caught...

Mishii_Beware - RT @Desisgone: The Game caught...

Journeyingdave - RT @amendolaart: India Flower ...

Skipped because Hindi پاکستان و بھارت مذاکرات کے ذریعے مسائل کا حل تلاش کریں: امریکہ http://t.co/8SjEXcYaAf
Antuhniah - RT @Desisgone: The Game caught...

Redditpiratebot - Google Lobbied Against Real Ne...

Jahlil_Ahki - RT @Ivan_splash: The Game out ...

Skipped because Hindi नगालैंड के समझौते का श्रेय पुरानी सरकारों को भी : मोदी - दैनिक भास्कर  http://t.co/iwNeM35K3N #India
Skipped because Hindi नगालैंड के समझौते का श्रेय पुरानी सरकारों को भी : मोदी - दैनिक भास्कर  http://t.co/RdwuhKCGhC #India
BeckerHamphrey - Bridle conjunction teatime opt...

Skipped because Hindi राज ठाकरे के पार्टी वर्कर्स की दादागीरी, महिला अफसर फूट-फूटकर रोई - दैनिक भास्कर  http://t.co/iwNeM35K3N #India
Shabriaa_ - RT @GxldSociety: Omg India and...

Skipped because Hindi राज ठाकरे के पार्टी वर्कर्स की दादागीरी, महिला अफसर फूट-फूटकर रोई - दैनिक भास्कर  http://t.co/RdwuhKCGhC #India
(<type 'exceptions.ZeroDivisionError'>, ZeroDivisionError('division by zero',), <traceback object at 0x7ff65eb20290>) division by zero
LaurenKevin1 - Outsoucing operating company i...

_Ashvnti - RT @Desisgone: The Game caught...

Skipped because Hindi La India es uno de los países imprescindibles para Argentina, sería muy importante una asociación estratégica https://t.co/sURORMRlPZ
ManfredSShah - RT @mjesusgz: India http://t.c...

__SplashGangEnt - RT @Desisgone: The Game caught...

jahblessmuff - RT @Ivan_splash: The Game out ...

__Raychelle - RT @Desisgone: The Game caught...

Skipped because Hindi RT @charlesmilander: Todos sacan pecho en el Silicon Valley de la India por el nuevo CEO de Google http://t.co/aybOKNlEGA #charlesmilander
dlAsianews - Asia Pacific Junior Championsh...

PhazeGod - Lmao you lame if you ain't eve...

paulkalai - RT @IndiaHistorypic: 1959 :: C...

Skipped because Hindi CHPSRE: Humans Are Set To Wipe An India-Sized Chunk Of Forest Off The Earth By 2050 http://t.co/dhwOiNs27C via c… http://t.co/MxydWFbWqI
onlydelhi - Kejriwal likely to meet PM Mod...

atulgrwl - RT @LambaAlka: Shocking,SHO Ka...

alisadaqat - RT @brownbrumby: Believe me, C...

sanjeevsehgal19 - @aajtak THIS HAS 2B DONE AT AN...

TubeHDSex - Post Edited: #sex #porn #tube ...

riverwalkgolfcl - Now available on tap at Riverw...

Skipped because Hindi Lmao https://t.co/43lovTCrmR
beingspriha - RT @priyasal: Rajesh bhat co p...

ctvy17 - RT @softwaredev_age: Madhya Pr...

zarreawright - RT @Desisgone: The Game caught...

harishchawla49 - Exclusive: Read Books penned b...

venkatdinesh05 - RT @jeevaforu: Trending at No....

___Molli - RT @ThatOG_Recce: That look li...

MyPerfectSarah - REFILE-Tropical forests almost...

Skipped because Hindi RT @charlesmilander: Todos sacan pecho en el Silicon Valley de la India por el nuevo CEO de Google http://t.co/aybOKNlEGA #charlesmilander
Skipped because Hindi Frankkahn: Accepting Applications: IT Staffing BDM/Account Managers in Hyderabad, India  #job: Farhan Kh... http://t.co/bSZHxztvT2 #Jobs
R_EnergyBasicM - REFILE-Tropical forests almost...

my_Job_hub - Charulatha_K: Accepting Applic...

IndiaTrenders - 1. #ARSLIV
2. #EconomyInICU
3....

lanegymeleh - At Least 6 Dead as Runaway Tru...

IndiaTrenders - 6. #FightBackIndia
7. #YNWA
8....

Drasellax3 - RT @Desisgone: The Game caught...

Ecroaker - 'firmino'   is Trending in Ind...

eekm68 - RT @Desisgone: The Game caught...

IndiaTrenders - On Monday 24, a total of 96 wo...

IndiaTrenders - 1. #ARSLIV
2. #EconomyInICU
3....

IndiaTrenders - 6. #FightBackIndia
7. #YNWA
8....

piberuwowan - At Least 6 Dead as Runaway Tru...

LynnrobertsL - absolutely 💀💀 https://t.co/gEq...

IndiaTrenders - On Monday 24, #FedBookSelfie w...

AnilAAP - RT @DrunkVinodMehta: Bhakts ar...

fawyhulemece - At Least 6 Dead as Runaway Tru...

healyxx_ - RT @Desisgone: The Game caught...

GMTVillian - RT @Desisgone: The Game caught...

NinaRoss_773 - RT @Desisgone: The Game caught...

DavidWinn124 - RT @Desisgone: The Game caught...

Skipped because Hindi india older than Kylie lol https://t.co/VKL8o09Rlq
Skipped because Hindi crl eu tenho um porquinho da india uma tartaruga queria ter uma cobra !
LittleThunsNaat - RT @Desisgone: The Game caught...

Frencho_95 - india love is bad As Fuck...

andrea_posada_ - RT @Desisgone: The Game caught...

dynubonuvyro - At Least 6 Dead as Runaway Tru...

LongLIveThug - RT @Desisgone: The Game caught...

raythemouse - RT @CECHR_UoD: On track to los...

__Laurynnnaa - RT @Desisgone: The Game caught...

pkuser2k12 - RT @FarhanKVirk: RETWEET and S...

KyraQ_ - RT @GxldSociety: Omg India and...

B3AST43VA - RT @Desisgone: The Game caught...

petey28RBLX - @SimulatorsX the sky came from...

anayiaa__ - RT @Desisgone: The Game caught...

Skipped because Hindi wow India lmao
IndiaTrenders - Do you want to know which were...

Skipped because Hindi RT @charlesmilander: El Silicon Valley de la India saca pecho por el nuevo director de Google http://t.co/2hX0fjMdk8 #charlesmilander
IndiaTrenders - Did you know that #pzchat was ...

Zenoviaaaaa - RT @GxldSociety: Omg India and...

Skipped because Hindi CIUDAD CARTAGENA DE INDIA,
CIUDAD DEL TURISTA ⛅🌊🌈
breezybarr_ - @avrie_b rt @ India...ily lots...

ZaeSymone - RT @Desisgone: The Game caught...

AnthonyPedroRi4 - @Imrubinaali how are you? Love...

un_predictiable - RT @Desisgone: The Game caught...

ScotClimate - Google:United Nations' Paris s...

Skipped because Hindi @Afridian7 
Uaar us becharay na India main rehna hai upper say wo Musalman hai,  udhar un logon ko ye karna parta hai.
IndiaTrenders - On average, Bangalore's Trends...

IndiaTrenders - Did you know that #FailedModiS...

IndiaTrenders - Did you know that 'Dawood' was...

IndiaTrenders - The hashtag #Sensex took the 8...

moderntechfeed - Google Lobbied Against Real Ne...

jexosesytyle - At Least 6 Dead as Runaway Tru...

oscarpons_ - RT @Desisgone: The Game caught...

Skipped because Hindi RT @charlesmilander: El Silicon Valley de la India saca pecho por el nuevo director de Google http://t.co/2hX0fjMdk8 #charlesmilander
ashanaomi5 - RT @Desisgone: The Game caught...

onegirldoc - RT @SemanticEarth: Kabul renew...

ThatlilniggaKAI - RT @Desisgone: The Game caught...

Skipped because Hindi RT @MaiReifs: "En la India, las personas están legalmente autorizadas a casarse con un perro. http://t.co/wU8SBGJBco" Ya puedo casarme con …
India_fav - RT @timesofindia: Renewable en...

Skipped because Hindi 😂 wtf  https://t.co/QUjCMEBipA
Skipped because Hindi @soy_lalesly Nos vos india
Skipped because Hindi CHPSRE: Humans Are Set To Wipe An India-Sized Chunk Of Forest Off The Earth By 2050 http://t.co/VE5SfqhAdu via c… http://t.co/FcHzfXcg3L
newsisay - #India External factors led to...

newsisay - #India UN tribunal asks India ...

Tweet2Sid - External factors led to market...

newsisay - #India Abusive youth held afte...

Skipped because Hindi RT @Paa_wan: जनता के अच्छे दिन आयेंगे नहीं कहा था ! केवल अच्छे दिन आयेंगे कहा था !!! https://t.co/HZCAMstbRa
Skipped because Hindi @Britanniacomms @oldpicsarchive @HISTORY @OUPAcademic @CULC @YoungLabourUK 

Eqypt is india's expansion, is Ram Sita's worshippers
abdhakar - RT @LogicalIndians: BJP made R...

narkardash - RT @Desisgone: The Game caught...

KJangdom - RT @4_Empowerments: Why follow...

Skipped because Hindi RT @NavbharatTimes: हमें भारत ही रहना है, चीन नहीं बनना: नरेंद्र मोदी http://t.co/yzUlg0KR2i via @NavbharatTimes
SoraCraig - RT @tveitdal: Humans Are Set T...

AndroidINForum - Android Marshmallow reportedly...

_kmbouler - Shit..... Is..... Hilarious 😭😭...

deepixo - RT @Airavta: BJP Punjab presid...

_asirram - RT @Desisgone: The Game caught...

BjLiscious - RT @Desisgone: The Game caught...

Skipped because Hindi RT @ourcherrylips: @isabelapardo1 sdds india 💙
punetithekayune - RT @hashpune: GB seeks separat...

Iyonnaaaaa - RT @Desisgone: The Game caught...

_SemajhDoe - RT @Desisgone: The Game caught...

kareemgeek - RT @makeinindia: Watch a short...

Skipped because Hindi IPM-ES16 India 20 Rupees E Inset P103b Sig.90 Replacement Unc 2013 http://t.co/c8Cw9CaXzF http://t.co/yorNgI2Quv
ashcashdoe - RT @Desisgone: The Game caught...

Skipped because Hindi RT @twt_outdoor: Pelajar Cina &amp; India memayungi pelajar Islam yg sedang menunaikan solat dlm hujan renyai. Semangat mcm ni kita nak http://…
Sakshisk169 - @Louis_Tomlinson India is wait...

TrendsinIN - Emirates is now the Trending t...

dopexnette_ - RT @Desisgone: The Game caught...

EddieNowNoBetta - RT @Desisgone: The Game caught...

LeBaby__ - RT @Desisgone: The Game caught...

Skipped because Hindi Lol why  https://t.co/ftU1u1SyLX
Photos_KP - @PrestigeDiesels @RebeccaRacer...

JrMaler - RT @TarekFatah: "Why #Muslims ...

AndreaAndregard - RT @simonettasc: I GIUDICI NON...

softoatcakes10 - RT @Water: This little girl’s ...

Skipped because Hindi IPM-ES17 India 20 Rupees R Inset P103b Sig.90 Replacement Unc 2013 http://t.co/jjvsbaTE93 http://t.co/0ZzUaMt34A
tterIndia - RT @RaisinaSeries: Hahahaha......

HeemieD - RT @Desisgone: The Game caught...

radhey_bhagat - RT @Hindustanse: Bar lady ke g...

anotao_news - Market mayhem: Sensex, Nifty t...

princessssfasho - He probably told her it smell ...

guydasworld - RT @Desisgone: The Game caught...

iamrohitsaini - RT @suhelseth: India has suffe...

IndiaTrenders - 43% of the Chennai's Trends fo...

KJangdom - RT @4_Empowerments: Dalai Lama...

IndiaTrenders - On Monday 24, #NeverGetsOld wa...

yan_nis97_One - RT @Desisgone: The Game caught...

IndiaTrenders - The longest Trends for Monday ...

IndiaTrenders - Did you know that 'Pakistan' w...

SlumdogTravels - Ever wondered how you can expe...

beingspriha - RT @being_adhiraj: real story ...

indigokores - RT @timesofindia: Colonel on O...

IndiaTrenders - The longest Trends for Monday ...

sandeepaegisisc - RT @dharaksandeep: http://t.co...

IndiaTrenders - On Monday 24, 'Jasleen Kaur' w...

NinoTTG_ - RT @Desisgone: The Game caught...

Skipped because Hindi #curvasud ci sono vari modi di scioperare. Sit in, sciopero della fame. Ma tifate domenica. State facendo un torto alla Roma e a tutti noi.
(<type 'exceptions.ZeroDivisionError'>, ZeroDivisionError('division by zero',), <traceback object at 0x7ff65eb205f0>) division by zero
bonitadesiree_ - RT @DaRealDopeRozay: the game ...

VONNIE2MVCH - RT @Desisgone: The Game caught...

OnlyBaloch700 - RT @ZaffarBaloch: Why #Delhi #...

JayMoBeezy - He had to let her know she was...

850Sunny - Donald Trump thinks North Kore...

TheFoxxtones - RT @thinkprogress: Humans are ...

_TweetSydney_ - RT @Desisgone: The Game caught...

DeMOCKERYcy - "External factors led to marke...

hashtoolala - RT @FarhanKVirk: RETWEET and S...

Jaazzy__ - RT @SargeMighty: @thegame  out...

Skipped because Hindi 😂😂😂💀 https://t.co/HeODBGwDFU
____asiaaaaaa - RT @GxldSociety: Omg India and...

Bt_Yugin - RT @Desisgone: The Game caught...

debraj_speaks - RT @GHGateway: Millions of peo...

VendorNaija - [India] FM stands firm, says G...

Joe12007741 - RT @JARiiseOfficial: Thank you...

dianaa_emm - RT @Absentions: I didn't even ...

_babygiiirl - RT @SargeMighty: @thegame  out...

GaryChandter - Ooty fourth of july packages-l...

Ima_SweetMelody - Savage  https://t.co/QpsNszIfO...

Fasace1 - RT @Desisgone: The Game caught...

M_Monroe16 - Why the game got the she got g...

dianaa_emm - RT @_preeyankaa: JUST SAW A PI...

ayooshveda - Why Facebook is investing so m...

Skipped because Hindi @JhanwarRajendra @coomarashish  eak baat bjp ko dhyan rakhi hogi modi  ne bihar 1.65 lakh  karod ka package dia utna  MP ko bhi dena chahiay
_dean0o_ - RT @Ivan_splash: The Game out ...

Amor_Besitos - RT @Desisgone: The Game caught...

BlokhaA - Lowest Air fares to India – Si...

LoveBranesha_ - RT @Desisgone: The Game caught...

beenonnTOP_ - RT @Desisgone: The Game caught...

ForBharath - RT @narendramodi: Rani Gaidinl...

BirdsSeed - Silk Patchwork Jacket Made in ...

ebstfurniture4u - Career in Fashion Designing Fr...

NamVietNetwork - UN tribunal asks India, Italy ...

Skipped because Hindi Taksi Unik Berinterior Lukisan dari India http://t.co/BI7myNrSsv
blxcksoftness - RT @WayneL_Jr: The Game 35, In...

bichukovp2 - Lowest Air fares to India – Si...

Skipped because Hindi * linda love  https://t.co/MKXrt7hA0a
ishonin_89 - Lowest Air fares to India – Si...

Skipped because Hindi HAHAHAHAHAHAHAHAHHAAHAHHAHAHAHAHA https://t.co/bmtLqERYQI
elaxation - RT @Ivan_splash: The Game out ...

India4World - RT @ARangarajan1972: If there ...

blackcats122 - 100 Rs. Note is the driving li...

DumBRL - RT @INTLSpectator: BRICS GDP g...

VGudwani - RT @tech_mahindra: .@tech_mahi...

Skipped because Hindi 3 COSE: che l'india MANTE SPUDORATAMENTE E SA DI MENTIRE!!! https://t.co/ed8TTYFjLE
_CocoaDream - RT @xTiaPia__: Trust me there ...

imtooTRENDY_ - RT @Desisgone: The Game caught...

rubiredblue - India Season http://t.co/Hk7pF...

dianaa_emm - RT @_VintageRose: Omg Im just ...

SidneeAlexiss - RT @Desisgone: The Game caught...

elenughh - RT @Desisgone: The Game caught...

JamaraDishea_ - RT @Desisgone: The Game caught...

_blaaaaaaaaaah - RT @Desisgone: The Game caught...

rrtechllc - sweetipatil: RT ManikTyagi: Ma...

CloudyNetwork - First few weeks with the @Schi...

DumBRL - RT @INTLSpectator: Fastest gro...

_bkthagod - 😂on some middle school shit ht...

indigokores - RT @brownbrumby: Believe me, C...

matt_YHallman - RT @Desisgone: The Game caught...

CFRN_ - RT @Desisgone: The Game caught...

dianebankole - RT @SargeMighty: @thegame  out...

Skipped because Hindi CHPSRE: Humans Are Set To Wipe An India-Sized Chunk Of Forest Off The Earth By 2050 http://t.co/TMb8fCCRSA via c… http://t.co/mML3xZPVWK
meta_guide_pk - Pakistan's National Security A...

Skipped because Hindi https://t.co/wath6l2V5L #INDIA
#happyBirthdaydaisyshah
#happyBirthdayDIZZU
#SalmanKhan 
#DAISYSHAH http://t.co/XvdYyX8yzU
TrustedInsight - eBay sells part of stake in In...

_JaredJD - India Love and The Game?...

TiaGabbrielle - RT @Desisgone: The Game caught...

sajidaalamali - RT @BandeKhuda: It's Delhi,  I...

WareIsaiah - RT @Desisgone: The Game caught...

Cam_Da_Prince - RT @Desisgone: The Game caught...

UrijZotov - RT @LinuxForYou: #Xiaomi Annou...

Skipped because Hindi 😂😂😂😂💀 https://t.co/n9iwhGzGYG
Skipped because Hindi https://t.co/wath6l2V5L #india
#happyBirthdaydaisyshah
#happyBirthdayDIZZU
#daisyshah
#SalmanKhan http://t.co/WVUabcHN46
Vantush - RT @ndtv: Delhi Chief Minister...

borislavmalyus3 - Lowest Air fares to India – Si...

OG_silencer - RT @Desisgone: The Game caught...

Skipped because Hindi Io non conosco nessuna preghiera più bella di quella con cui concludevano gli antichi spettacoli dell'India:... http://t.co/qsCrKkr4Ob
Skipped because Hindi http://t.co/fPmkxBkUBF - MannIndia Technologies. The #morefunz page https://t.co/Kmqwws0Lcr
TornoMas - RT @Vocesdecuenca: Recuerdo a ...

JackOkilie - RT @alt2media: #india #Kashmir...

jaayydaaddy - Didnt she get outta hs like 2 ...

Skipped because Hindi #Aristegui dice: Rescatan a bebé elefante atrapado dentro de un pozo en India (Video) http://t.co/wuGWkQeaWC http://t.co/WGzjNWKCsB
carlagarcia13 - RT @GxldSociety: Omg India and...

SHORTYMAC__ - RT @Ivan_splash: The Game out ...

CatspawMarcie - RT @julia_zba: India http://t....

its_bmwify - RT @Desisgone: The Game caught...

desiprocess - RT @MahaveerM_: RT @ashutosh83...

KiKi_GottaLuvMe - RT @Desisgone: The Game caught...

lovelxlx - RT @Desisgone: The Game caught...

chirag_kataria - @PilotSachin dipshit do u even...

____ebony - RT @Desisgone: The Game caught...

funkyappu - No change in India's stand on ...

funkyappu - BJP’s allies in Bihar push for...

Skipped because Hindi RT @MCAFESTIVAL: Algunas de las recetas de nuestro EXPOSITOR @AsianFoodClub - Presente el 4, 5 y 6 de Septiembre en #MCAFestival!!  https:/…
PocketSizeNisa - RT @excogitate123: Women from ...

gourmethotdogs - RT @duncanpub: India ale 5%abv...

SmashhMyTweet - RT @Desisgone: The Game caught...

adam93132 - @realhotbhabhi  I love India a...

hifzhashaheen - RT @KangManjit: @deekundi @ani...

Skipped because Hindi @ElsieMatz India, South Africa, and Brazil
LavishLee_xo - nah he was deff bout to make h...

salmankifann - https://t.co/wath6l2V5L RT mys...

tarashvili_77 - Lowest Air fares to India – Si...

SSRMookie - RT @Desisgone: The Game caught...

MyWorstCritic_ - RT @Aviator_Floyd: These rap n...

lookwhoosehere - @avullamparthi but stop acting...

Skipped because Hindi iOS VS Android or India VS Pakistan? OMG! - http://t.co/OjTddYPNNz http://t.co/ilHgztcl4u
Skipped because Hindi CHPSRE: Humans Are Set To Wipe An India-Sized Chunk Of Forest Off The Earth By 2050 http://t.co/WNl40Ima5F via c… http://t.co/j0ESzBZ7e7
arekinov2 - Lowest Air fares to India – Si...

Kate_M_McGrath - Minister Joyce says educationa...

salmankifann - RT Salman_Preeti: RT mystery07...

Skipped because Hindi RT @AndreaAndregard: 3 COSE: che l'india MANTE SPUDORATAMENTE E SA DI MENTIRE!!! https://t.co/ed8TTYFjLE
Elisha_Sulai - @MaggieFick @toluogunlesi with...

amit_malh - @neilhaslam90 @shaziailmi @taj...

KyraQ_ - India only 19 &amp; the game i...

foreignshawtyyy - RT @DaRealDopeRozay: the game ...

Skipped because Hindi [Tech] Google Lobbied Against Real Net Neutrality In India, Just Like It Did In The States: While Google ... http://t.co/IhSNlhgjIw #YAF
Skipped because Hindi Wtf 😐 https://t.co/1B1bradaiQ
Ops_ldn - RT @Desisgone: The Game caught...

Skipped because Hindi KompasTV : Pegawai BlackBerry di India Tinggal 15 Orang http://t.co/KbkjA8W7gK (via Twit… http://t.co/8Pc1wg8u4R) http://t.co/MxFDuFsvOP
__Sweetbrownn - RT @Desisgone: The Game caught...

GsharmaAbhishek - RT @ggiittiikkaa: It's not tha...

parama1951 - @parama1951 It is the duty of ...

dfully_ - RT @Desisgone: The Game caught...

MohammedAjaib - @timesofindia the game being p...

tellit2Daja - RT @Desisgone: The Game caught...

reneezy_baby - RT @Pattric: If the Game datin...

PaiGuru - RT @DeepikaBhardwaj: If You ar...

NLMBKato_ - RT @Desisgone: The Game caught...

Bright_iDeas1 - How many times am I ganna see ...

Nlmb__ - RT @Desisgone: The Game caught...

Frencho_95 - RT @lindalove___: * linda love...

Skipped because Hindi RT @guillermoalgar: Un destino ligado al hambre. 1a entrega sobre #India y #desnutrición en @Planeta_Futuro de @LittleMissIre http://t.co/S…
GangulyBhuvan - Interested in this job? Busine...

earnestglide42 - RT @Water: This little girl’s ...

XOMarelyn - RT @Desisgone: The Game caught...

BlueMorning3_01 - RT @awescar: Captain America o...

kevndrv - Man bye  https://t.co/uN79JF90...

reneezy_baby - RT @brennonthekidd_: the game ...

savvysarahjane - "Maybe the water is too expens...

pervadessilly70 - RT @Water: This little girl’s ...

Willdabeast_32 - RT @Desisgone: The Game caught...

shagufta1614 - @Louis_Tomlinson can you let m...

Skipped because Hindi #KCA #VoteJKT48ID puyolcarlesme:  - Rooney Hijrah ke Liga India &lt;---- ANEH :p
_JazeDontChase - RT @ItsJusTragic: " This don't...

73_panyuta - Lowest Air fares to India – Si...

78Khludov - Lowest Air fares to India – Si...

keasiatoomer - RT @Desisgone: The Game caught...

Luisg312 - RT @Desisgone: The Game caught...

tritenko_92 - Lowest Air fares to India – Si...

GazaWestBank - No change in India's stand on ...

trintweetstoo - RT @Desisgone: The Game caught...

Skipped because Hindi 💀💀💀 https://t.co/eGtd49TyGY
_nanasav - RT @Desisgone: The Game caught...

realdeannahart - RT @Desisgone: The Game caught...

masupunoyama359 - RT @gandhiqts: My life is dedi...

damianadacruz - Get your facts right. dont spr...

dianaa_emm - RT @sussxo: the game filmed a ...

MickySinha - If only #BJP and its affiliate...

Skipped because Hindi RT @BeingGungun: BJP ने मीडिया खरीद रखा है?
भाईसाहब...बीजेपी और मोदीजी के खिलाफ बोलकर ही तो आजतक,NDTV,ABP न्यूज़ जैसों की रोज़ी रोटी चलती …
coonmagnet - RT @Desisgone: The Game caught...

Skipped because Hindi 😂😂😂 told you nigga  https://t.co/z1K1sKJREY
TayGot_TheJuice - RT @Ivan_splash: The Game out ...

AlmightyJordyn_ - What the fuck was that..? 😂😭 h...

dianaa_emm - RT @__asiamonaee: Between Drak...

ngribenkov3 - Lowest Air fares to India – Si...

_ShortShit_ - RT @excogitate123: Women from ...

Willz79th - RT @Maryiam_San: @Willz79th @I...

whatevrdoe - RT @Ivan_splash: The Game out ...

AlNaqi83 - RT @FarhanKVirk: RETWEET and S...

Alfecaes - RT @maria_mfed: @Alfecaes  htt...

TimothiousSmith - RT @sauravrunid342: Please sav...

AnimalRightsJen - #India #Women Can Uber Win Ind...

AnimalRightsJen - #India #Women Women will not b...

Glittered_Veins - RT @Desisgone: The Game caught...

KingCMRN - look at my niggas face, he did...

JerriBabyy - something is wrong with india...

alissexi01 - RT @notemaking: http://t.co/5L...

IndiaHX1 - RT @ARangarajan1972: If there ...

MuvaPooh - &amp; if Game was finger poppi...

TheyLoveNayy - RT @Desisgone: The Game caught...

kafullofherself - RT @Desisgone: The Game caught...

ingagrishanovi2 - Lowest Air fares to India – Si...

ItsJourdan_x - LOOOL @CavelleRio look at this...

MBilalY - India's Modi regime can stick ...

xnerako - RT @Desisgone: The Game caught...

Skipped because Hindi 😳😕 https://t.co/Wet3oFEnld
HailaKamryn - My India ink exploded, leaked ...

VajraShugden - RT @elrascatripa: A Dalai Lama...

__JohnnyBravo__ - RT @Desisgone: The Game caught...

khalidrafiq138 - Zaheer Abbas: ICC cannot reviv...

khalidrafiq138 - Pakistan's NSA Sartaj Aziz acc...

khalidrafiq138 - Sartaj Aziz's veiled threat to...

khalidrafiq138 - A Seismic Shift in India’s Pak...

khalidrafiq138 - Pakistan has nukes, India can'...

alharthy111111 - RT @ARangarajan1972: Modi Sark...

khalidrafiq138 - Don’t forget, Pakistan is a nu...

tech_info - Google Lobbied Against Real Ne...

Skipped because Hindi Rescatan a bebé elefante atrapado dentro de un pozo en India (Video) http://t.co/6Kwz3pYdFn #Noticias
NewAra_2Cool - RT @NunLikem23: I liked a @You...

Skipped because Hindi Whoahhh there India westbrook.... 👀 https://t.co/1g6gUUPGBs
Skipped because Hindi RT @ActualidadRT: VIDEO: Rescatan a una cría de elefante de un pozo en la India http://t.co/Oths884t0H 🐘 http://t.co/ZTVJTpIWCa
_omnificent_ - These pictures of India Love a...

Salman_Preeti - RT @BoIIIywood: Did Salman Kha...

Steph_LaShay - RT @Desisgone: The Game caught...

globalindianews - Ten things you didn't know abo...

ranveercafe69 - Celebs in disguise surprise fa...

jadynbee_ - RT @Desisgone: The Game caught...

uwantnia - RT @Desisgone: The Game caught...

dvmo_1 - India westbrooks is 19?!?...

DantRagee - RT @Ivan_splash: The Game out ...

___theTRUTH - Say it ain't so 😭 https://t.co...

basantawasthi12 - RT @kriratna_: @INCIndia 
My f...

Mynamehldweight - RT @Desisgone: The Game caught...

MissIndiaAus - Miss India Australia 2015 Fina...

og_tranese - What's really going on . 😩😂 ht...

Da__Vinci8 - RT @lindalove___: * linda love...

plural_india - RT @nskathy: Does Modi know th...

Davantebby_ - RT @Desisgone: The Game caught...

thuggisharleny - RT @Desisgone: The Game caught...

news_in_summary - UN tribunal asks #India to sto...

DalitLiveMatter - Temple to PM Narendra Modi Ope...

NewAra_2Cool - RT @AlmightyKevo30: India Iren...

PKonweb - India-Pakistan relations parke...

_2LiveMontana - RT @Desisgone: The Game caught...

SUNNIEinParis_ - All these memes of the game an...

og_tranese - RT @Desisgone: The Game caught...

24mochaa - RT @Desisgone: The Game caught...

joy_foreva - @ShekharGupta this is the inve...

ForBharath - RT @PMOIndia: We have never be...

Sir_Max - New post: "Google Lobbied Agai...

BgDiplomacy - "@PurevsurenL: Mongolia marks ...

xnariee__ - RT @Desisgone: The Game caught...

brimgeezy_ - he looked dead at the camera t...

DJLNR - Google Lobbied Against Real Ne...

leonnaboo2 - RT @brennonthekidd_: the game ...

Whore_Beast - Sweet Kinky MILF India Blowjob...

TrendsinIN - Cutting News; Benteke is now T...

Josephh_Dlg - RT @Ivan_splash: The Game out ...

Skipped because Hindi 😭😭😭😭😭😭😭😭😭😭😭😭😭😭😭😭😭😭😭😭😭😭😭💀💀💀💀💀💀💀💀💀💀💀💀💀 https://t.co/A3OCshRxok
faridabadtutor - #Faridabad India approves plan...

Skipped because Hindi #XboxOne #Amazon – Xbox One Will Not Be Exclusive to Amazon India From Next Month – The Xbox ... http://t.co/ESor6aWFjj #Soccer #Futball
Chaurasiajayan1 - RT @draksbond: #ModiBestPM Now...

fulviocampuzano - 7 mm India Lobular Rosewood re...

Skipped because Hindi Rescatan a bebé elefante atrapado dentro de un pozo en India (Video) http://t.co/JyeCCCK0ZA #Actualidad #Mexico
Skipped because Hindi RT @Uxia_Gil: Me ha tocado: India
Te gusta?: Sí
Eres fan?: No.
Una cancion: 90 minutos 
Le sigues? No
Te sigue? No
RT y te doy un famoso
imgutter718 - RT @Desisgone: The Game caught...

newsytweets - RT @GokulChavann: Latest : Pak...

Skipped because Hindi Holi Festival of Colours - La Festa dei... http://t.co/3mX0F1ZAlj #colori #festa #india #informazioni #tradizione
andreafromtexas - RT @Ivan_splash: The Game out ...

MostDxpe - RT @_kmbouler: Shit..... Is......

CHRISTINAM525 - Time To Celebrate, India Gets ...

ForBharath - RT @timesofindia: PM @Narendra...

VonMainau - Dear friends my side here,
I´m...

Lancefaith42 - RT @Desisgone: The Game caught...

NewAra_2Cool - RT @ColorMeT_: Newara - India ...

TalhaGulbargavi - RT @brownbrumby: Believe me, C...

Sojitra_Deep - I`m clean and FIFA isn`t corru...

kaniaaaa_mf - RT @Desisgone: The Game caught...

AmaruOriginal - RT @WayneL_Jr: The Game 35, In...

forensictoxguy - RT @DrRubidium: NE outlawed ca...

NewAra_2Cool - RT @ifiness_: NewAra x India I...

FurnitureArtNow - RT @saatchi_gallery: India-bas...

WhiteBoiJon - RT @Desisgone: The Game caught...

dlUnitedNations - United Nations’ Paris summit: ...

Skipped because Hindi #XboxOne #Amazon – Xbox One Will Not Be Exclusive to Amazon India From Next Month – The Xbox O... http://t.co/ESor6aWFjj #chrome #Google
VicUniWgtn - RT @Kate_M_McGrath: Minister J...

Skipped because Hindi Tzelan Blue Palm Leaf Weave Bin . made in india #picoftheday #design #interiordesign #tzel… http://t.co/AubOCoPde0 http://t.co/jKhwC7ml0i
Iam___dante - RT @Desisgone: The Game caught...

khalidrafiq138 - Zaheer Abbas: ICC cannot reviv...

kedem2134 - RT @JARiiseOfficial: Thank you...

NewAra_2Cool - RT @Jake_OohKillEm: India Iren...

lomikriel - Awwwwwwwwww, a baby elephant f...

khalidrafiq138 - Pakistan's NSA Sartaj Aziz acc...

khalidrafiq138 - A Seismic Shift in India’s Pak...

khalidrafiq138 - Sartaj Aziz's veiled threat to...

iamjawadbutt - What will MQM say now about th...

khalidrafiq138 - Pakistan has nukes, India can'...

PG_FLEXXINonU - RT @Desisgone: The Game caught...

khalidrafiq138 - Don’t forget, Pakistan is a nu...

Lexusss1 - RT @Ivan_splash: The Game out ...

Fllxiii - RT @Desisgone: The Game caught...

NewAra_2Cool - RT @Nicki_Go_Get_Em: That indi...

faridabadtutor - BJP govt issuing Tuglaqi order...

PaixNaitreLa - RT @Desisgone: The Game caught...

Socimotion - Google Lobbied Against Real Ne...

TweetYourLeeds - RT @duncanpub: India ale 5%abv...

JalynnAmari - RT @Desisgone: The Game caught...

faridabadtutor - Himanta Biswa Sarma indicates ...

itsaski_scraper - RT @Desisgone: The Game caught...

madatkay - RT @Desisgone: The Game caught...

NoFcksGivin - RT @Desisgone: The Game caught...

NewAra_2Cool - RT @FlynDutchMaster: 🔥🔥@NewAra...

faridabadtutor - Asia Pacific Junior Championsh...

NasimHaider2 - Why Narendra Modi’s hardline P...

yoodess - RT @Desisgone: The Game caught...

Niaokay - RT @Desisgone: The Game caught...

DisaWorldNews - Assam Seeks Rs. 500 Crore from...

PaiGuru - RT @DeepikaBhardwaj: Since AAP...

yourmums_hot - RT @SargeMighty: @thegame  out...

NewAra_2Cool - RT @LawdAsa: YALL GO ROCK WITH...

Skipped because Hindi #Noticias Vía AristeguiOnline Rescatan a bebé elefante atrapado dentro de un pozo en India (Video) http://t.co/7zr4g2C5kC
bri2much - RT @GxldSociety: Omg India and...

(<type 'exceptions.ZeroDivisionError'>, ZeroDivisionError('division by zero',), <traceback object at 0x7ff65f4075a8>) division by zero
subhash77niul - RT @Hindustanse: Bar lady ke g...

Josh_ssf - RT @Desisgone: The Game caught...

moneymiles_ - RT @Ivan_splash: The Game out ...

itskikitoyou_ - RT @Desisgone: The Game caught...

Skipped because Hindi LMAO HE DONT GIVE A FUCK  https://t.co/wTL1AslyVr
Classic_Action - RT @Desisgone: The Game caught...

yogeeshchandra - RT @Phocuswright: Uptick for t...

xtiaunax - RT @Desisgone: The Game caught...

news_in_summary - Pakistan should not insist on ...

NewAra_2Cool - RT @Will_Mass: NewAra - India ...

SoDorielle - RT @Desisgone: The Game caught...

ItsPossiblyKyla - RT @Desisgone: The Game caught...

Ndeamarie - RT @Desisgone: The Game caught...

ixnews - Tata Group named most-valuable...

WhoIsTyra - RT @Desisgone: The Game caught...

Skipped because Hindi CHPSRE: Humans Are Set To Wipe An India-Sized Chunk Of Forest Off The Earth By 2050 http://t.co/jpOmrYT12o via c… http://t.co/74lSsYV9mo
GirlcmS - @SAMAATV bloody biggest terror...

sakrfakr - RT @WTFGIFsPics: People bathin...

Skipped because Hindi #XboxOne #Amazon – Xbox One Will Not Be Exclusive to Amazon India From Next Month – The Xbox… http://t.co/c6yXzjjqxu #AllAboutMicrosoft
swatiar55010088 - RT @amsobittyagi: @newsnation ...

sheismedk - RT @GxldSociety: Omg India and...

Skipped because Hindi #XboxOne #Amazon – Xbox One Will Not Be Exclusive to Amazon India From Next Month – The Xbox… http://t.co/r0z1SQVwd0 #AllAboutMicrosoft
ArtDraf - Volkswagen betting big on emer...

AndrewsJoyce1 - Benefits in regard to learning...

ajaydew95680413 - RT @timesofindia: External fac...

Skipped because Hindi #XboxOne #Amazon – Xbox One Will Not Be Exclusive to Amazon India From Next Month – The Xbox… http://t.co/tMRa9FoNv6 #AllAboutMicrosoft
Skipped because Hindi #AF @AFmagIndia: India - France mag : La francophonie à l'honneur à Bangalore http://t.co/xWhB5pvrCP #indofr https://t.co/MKDwl7oY8Z
MuravskayaNyuta - Lowest Air fares to India – Si...

Skipped because Hindi #XboxOne #Amazon – Xbox One Will Not Be Exclusive to Amazon India From Next Month – The Xbox… http://t.co/qITtAQYhqV #AllAboutMicrosoft
diragojn - RT @LMChangeYouLife: Comida pa...

BestReviewGuide - Buying Anything? Compare Price...

Skipped because Hindi #XboxOne #Amazon – Xbox One Will Not Be Exclusive to Amazon India From Next Month – The Xbox… http://t.co/H1RXjJE6og #AllAboutMicrosoft
Skipped because Hindi #XboxOne #Amazon – Xbox One Will Not Be Exclusive to Amazon India From Next Month – The Xbox… http://t.co/APrghf1pcO #AllAboutMicrosoft
Skipped because Hindi #XboxOne #Amazon – Xbox One Will Not Be Exclusive to Amazon India From Next Month – The Xbox… http://t.co/Ym60PaJqce #AllAboutMicrosoft
Skipped because Hindi #XboxOne #Amazon – Xbox One Will Not Be Exclusive to Amazon India From Next Month – The Xbox… http://t.co/YMjDAd8K8e #AllAboutMicrosoft
The_Chad84 - RT @JARiiseOfficial: Thank you...

Skipped because Hindi #XboxOne #Amazon – Xbox One Will Not Be Exclusive to Amazon India From Next Month – The Xbox… http://t.co/ufh4EiRjVB #AllAboutMicrosoft
Skipped because Hindi #XboxOne #Amazon – Xbox One Will Not Be Exclusive to Amazon India From Next Month – The Xbox… http://t.co/JmyshTPnEr #AllAboutMicrosoft
Skipped because Hindi #XboxOne #Amazon – Xbox One Will Not Be Exclusive to Amazon India From Next Month – The Xbox… http://t.co/FwzcQ1I1XS #AllAboutMicrosoft
Skipped because Hindi #XboxOne #Amazon – Xbox One Will Not Be Exclusive to Amazon India From Next Month – The Xbox… http://t.co/M8OTcPYE7c #AllAboutMicrosoft
Skipped because Hindi #XboxOne #Amazon – Xbox One Will Not Be Exclusive to Amazon India From Next Month – The Xbox… http://t.co/lc00fN5oRN #AllAboutMicrosoft
Skipped because Hindi #XboxOne #Amazon – Xbox One Will Not Be Exclusive to Amazon India From Next Month – The Xbox… http://t.co/6RwIoeWfGr #AllAboutMicrosoft
Skipped because Hindi #XboxOne #Amazon – Xbox One Will Not Be Exclusive to Amazon India From Next Month – The Xbox… http://t.co/ubRhR7VHUD #AllAboutMicrosoft
Skipped because Hindi #XboxOne #Amazon – Xbox One Will Not Be Exclusive to Amazon India From Next Month – The Xbox… http://t.co/SARB4zX4Yz #AllAboutMicrosoft
Skipped because Hindi #XboxOne #Amazon – Xbox One Will Not Be Exclusive to Amazon India From Next Month – The Xbox… http://t.co/zLbFj5ETDD #AllAboutMicrosoft
JadaBrittney - #india #gift #zaloraindonesiag...

Skipped because Hindi #XboxOne #Amazon – Xbox One Will Not Be Exclusive to Amazon India From Next Month – The Xbox… http://t.co/twraIk6MFU #AllAboutMicrosoft
Skipped because Hindi #XboxOne #Amazon – Xbox One Will Not Be Exclusive to Amazon India From Next Month – The Xbox… http://t.co/B7h8W9djQj #AllAboutMicrosoft
Skipped because Hindi RT @AristeguiOnline: Rescatan a bebé elefante atrapado dentro de un pozo en India (Video) http://t.co/SICDgPzhDt
Skipped because Hindi #XboxOne #Amazon – Xbox One Will Not Be Exclusive to Amazon India From Next Month – The Xbox… http://t.co/FQ2y8hFiAr #AllAboutMicrosoft
s_jealeen - Sometimes I wish I dated India...

ForBharath - RT @DrGPradhan: PAK media: The...

Skipped because Hindi India e et steg ned sportslig uansett ka man måtte mene Hr.Riise...
Skipped because Hindi #XboxOne #Amazon – Xbox One Will Not Be Exclusive to Amazon India From Next Month – The Xbox… http://t.co/51aplvR4W5 #AllAboutMicrosoft
leopold_lenin - Lowest Air fares to India – Si...

Skipped because Hindi #XboxOne #Amazon – Xbox One Will Not Be Exclusive to Amazon India From Next Month – The Xbox… http://t.co/gDY7flBEgz #AllAboutMicrosoft
Skipped because Hindi #XboxOne #Amazon – Xbox One Will Not Be Exclusive to Amazon India From Next Month – The Xbox… http://t.co/97qyensj9a #AllAboutMicrosoft
nicky_butt01 - RT @Ivan_splash: The Game out ...

gazala_minaj - RT @SargeMighty: @thegame  out...

85Pudakova - Lowest Air fares to India – Si...

Skipped because Hindi #XboxOne #Amazon – Xbox One Will Not Be Exclusive to Amazon India From Next Month – The Xbox… http://t.co/izty3AvyxC #AllAboutMicrosoft
Skipped because Hindi 'mi ha salvato in tutti i modi in cui una persona può essere salvata'
rose  https://t.co/bWMkJOPVhD
CurryStaySaucy - RT @Desisgone: The Game caught...

JennimaAkpe - RT @Desisgone: The Game caught...

IAmSane_ - RT @Ivan_splash: The Game out ...

BossMeeey__ - RT @Desisgone: The Game caught...

ngutarina3 - Lowest Air fares to India – Si...

vaiishaliii - https://t.co/9f7yYptTA2 RT ash...

vaiishaliii - https://t.co/9f7yYptTA2 TimesN...

mauritaniafrica - CGDev: RT chrisarsenaul: Tropi...

vaiishaliii - https://t.co/9f7yYptTA2 TimesN...

amz360 - No thanks..He has already seen...

Skipped because Hindi 😂 https://t.co/iV05Uh5YyH
plural_india - RT @MeghaMehtaa: #EconomyInICU...

GariboKaGhaalib - My life is dedicated to the se...

vitalinavakhni4 - Lowest Air fares to India – Si...

SDIDEC - RT CSAlabama: Join us for the ...

vofnitaly - UN tribunal asks India, Italy ...

asd5520091 - One stop solution for Gemstone...

ZaijhaNoelle - RT @Ivan_splash: The Game out ...

lupefemujyt - At Least 6 Dead as Runaway Tru...

Skipped because Hindi RT @charlesmilander: Todos sacan pecho en el Silicon Valley de la India por el nuevo CEO de Google http://t.co/aybOKNlEGA #charlesmilander
tkhaganova_lana - Lowest Air fares to India – Si...

sennnkai - RT @Desisgone: The Game caught...

verbaljustice_ - RT @Desisgone: The Game caught...

I_Spy_1991 - RT @Absentions: I didn't even ...

RishuMongaDJ - When design is dishy - Times o...

vandyckdeezy - RT @Desisgone: The Game caught...

So_DamnnRich - RT @Desisgone: The Game caught...

imgaganjha - Now hiring for Technical Recru...

amitpsit - RT @jha_srishti: Word! #instag...

1AmritpalSingh - Sign The Petition,for #Bapusur...

1AmritpalSingh - Sign The Petition,for #Bapusur...

LoperShauna - Vijayawada - The Place of Vict...

kylamonaee - RT @Desisgone: The Game caught...

MyFinance - Tropical forests almost the si...

1AmritpalSingh - Sign The Petition,for #Bapusur...

Skipped because Hindi #XboxOne #Amazon – Xbox One Will Not Be Exclusive to Amazon India From Next Month – The Xbox… http://t.co/mmye3aL1tC #AllAboutMicrosoft
Skipped because Hindi BJP KA HI SARKAR BAN JAYEGA
XxLysieeexX - RT @SammGee: WHAT did India do...

Skipped because Hindi #XboxOne #Amazon – Xbox One Will Not Be Exclusive to Amazon India From Next Month – The Xbox… http://t.co/gH1QqRepc2 #AllAboutMicrosoft
Skipped because Hindi #XboxOne #Amazon – Xbox One Will Not Be Exclusive to Amazon India From Next Month – The Xbox… http://t.co/XthEOttg2z #AllAboutMicrosoft
trmyhre - India got her cast. Happy Birt...

BorjaFF - RT @JuanSanRoman4: Hoy he podi...

Skipped because Hindi #XboxOne #Amazon – Xbox One Will Not Be Exclusive to Amazon India From Next Month – The Xbox… http://t.co/UzD1gXJ5yn #AllAboutMicrosoft
RadioTMI - My brother's freaking out abou...

DFNS_net - The India-Pakistan Nuclear Arm...

congressleaders - RT @INCIndia: BSE #Sensex slum...

Rocking_Virat - RT ☺ http://t.co/W3UWzrFm4p xt...

MuvaPooh - India look better then all of ...

Jussy063 - RT @Desisgone: The Game caught...

AllDUNews - #DelhiUniversity Arvind Kejriw...

Rocking_Virat - RT ☺ http://t.co/W3UWzrFm4p Ne...

Skipped because Hindi "@Diplomat_APAC: Asia’s New Geopolitics Takes Shape Around #India, #Japan, and #Australia http://t.co/Tc60c7GJdq http://t.co/EnI33fA2X3"
Rocking_Virat - RT ☺ http://t.co/W3UWzrFm4p It...

Star1Akbar - UN tribunal asks India to stop...

Rocking_Virat - RT ☺ http://t.co/W3UWzrFm4p So...

Rocking_Virat - RT ☺ http://t.co/W3UWzrFm4p Nd...

The0nna_xo - RT @zariaheaux: #IGFBI yes I c...

Rocking_Virat - RT ☺ http://t.co/W3UWzrFm4p ix...

Star1Akbar - India, Nepal to kick off 1st S...

Kaayyllee_ - RT @Desisgone: The Game caught...

Rocking_Virat - RT ☺ http://t.co/W3UWzrFm4p Wh...

Dee_Shaay_ - RT @Desisgone: The Game caught...

(<type 'exceptions.ZeroDivisionError'>, ZeroDivisionError('division by zero',), <traceback object at 0x7ff65f407e60>) division by zero
Skipped because Hindi #XboxOne #Amazon – Xbox One Will Not Be Exclusive to Amazon India From Next Month – The Xbox One ... http://t.co/ESor6aWFjj / #microsoft
Rocking_Virat - RT ☺ http://t.co/W3UWzrFm4p gt...

mykeiv - I thought the lil girl name wa...

Skipped because Hindi #LoImperdonable entonces el #bipoleoo Sera en Mina escondida? @anabrendac @ivansanchezz_ hay nooo que hace la nanciyaga alli maldita india
rion_stallworth - RT @Desisgone: The Game caught...

Rocking_Virat - RT ☺ http://t.co/W3UWzrFm4p Gi...

Rocking_Virat - RT ☺ http://t.co/W3UWzrFm4p sa...

I_Spy_1991 - RT @brennonthekidd_: the game ...

c0bra__ - RT @Desisgone: The Game caught...

vntsxrvre - RT @Desisgone: The Game caught...

Crmedinho - That's reall ass shit fuck yal...

Skipped because Hindi RT @charlesmilander: El Silicon Valley de la India saca pecho por el nuevo director de Google http://t.co/2hX0fjMdk8 #charlesmilander
Only_Shey - RT @Desisgone: The Game caught...

SayianPapi - RT @Desisgone: The Game caught...

kingg_ayo - RT @Ivan_splash: The Game out ...

shamxoxx - RT @Desisgone: The Game caught...

youbihar - BJP wins 19 out of 24 seats in...

YAYmeBOOyou - Why India titties so low looki...

Kar_Sevak - RT @ChakraNews: Yogi Adityanat...

mterry337 - Humans Are Set To Wipe An Indi...

DccKarimnagar - RT @INCIndia: BSE #Sensex slum...

RealNiggaSteff - RT @Desisgone: The Game caught...

bobordoco - Humans Are Set To Wipe An Indi...

Skipped because Hindi RT @djstruggersi: avevo finito i modi per dirgli resta, allora ho detto vai.
HiroNotaney - RT @TheEconomist: China, the U...

UncTheBeast_06 - RT @Desisgone: The Game caught...

boss_pazhiltsev - Lowest Air fares to India – Si...

Skipped because Hindi RT @AreaBSD: Di India, wanita mengenakan cincin di hidung mereka untuk menunjukkan bahwa mereka sudah menikah.
projectsindia - 13th Express Technology Senate...

teahthaplaya - I'm about to go India Arie I A...

ashokmuscat - RT @TOIIndiaNews: 40% of rail ...

NitiCentral - India on marines case: UN trib...

champakbhomiya - Explore #Uttar #Pradesh #India...

RevolutionsHub - #blog #corruption #rape #black...

lubadycysim - At Least 6 Dead as Runaway Tru...

C_HoopsAlot - RT @Desisgone: The Game caught...

GraceT_Sebageni - RT @BBCBusiness: VIDEO: India’...

fecima - New article: REFILE-Tropical f...

news_in_summary - Pakistan has nukes, #India can...

sverdlov19762 - Lowest Air fares to India – Si...

RyderGabriella - Process against learn about sn...

Skipped because Hindi #TalDíaComoHoy en 1796, llega a Estados Unidos el primer elefante proveniente de la India.
Skipped because Hindi "Trending India:04:30 AM IST"
1. #ARSLIV
2. #EconomyInICU
3. Cech
4. Liverpool
5. Coutinho
6. #FightBackIndia
7. #YNWA
8. Emirates
TOIBusiness - No need to panic, India to gai...

DccKarimnagar - RT @INCIndia: If you see the p...

TOIIndiaNews - CM announces high-level commit...

Skipped because Hindi omg..... https://t.co/vqsvcR1Wyy
SierraBermudezz - RT @Desisgone: The Game caught...

justMackinnnn - Ahaaaa.. They some fr ass frea...

Skipped because Hindi "Trending India:04:30 AM IST"
9. Benteke
10. Ozil
BejahFACTS - #FACTS India used to be the ri...

NevillLayla - La students disconcertion - st...

NoondayStyle - Soft cotton is intricately wov...

Skipped because Hindi TT INDIA 04:00
1.#ARSLIV
2.#EconomyInICU
3.Cech
4.Liverpool
5.Coutinho
6.#FightBackIndia
7.#YNWA
8.Emirates
9.Benteke
10.Ozil
Skipped because Hindi @EWInstitute's Latha Reddy Discusses India's #Cybersecurity Future: http://t.co/n3NAiJ5TaP #EWIcyber @EconomicTimes http://t.co/3LuMXjggqX
digghop - Sans - Breath - Raga Yaman by ...

odoevskiy_98 - Lowest Air fares to India – Si...

Skipped because Hindi Mediateca Historia de China: El ascenso de Asia – cómo y cuándo (2009) http://t.co/FQZ7LlEPFk #Historia #China #India #economia
_daviooone - RT @Desisgone: The Game caught...

tynewulidyfo - At Least 6 Dead as Runaway Tru...

2Thurl_2Thick - RT @Desisgone: The Game caught...

Capital4Biz - NYTimesBizCap Sect’s Death Rit...

Naiboogz - RT @Desisgone: The Game caught...

WorldLinkedIn - NYTimesBizCap Sect’s Death Rit...

Skipped because Hindi nasty, yes
creepy? tuh.  https://t.co/PGSlbrjCPz
MonetizeUniv - NYTimesBizCap Sect’s Death Rit...

ranveercafe69 - Karan Johar's 'Shhuddhi' shelv...

AJEnglish - Meet the 'toilet man of India'...

trendinaliaIN - 1. #ARSLIV
2. #EconomyInICU
3....

ChelseaZhane15 - RT @Desisgone: The Game caught...

trendinaliaIN - 6. #FightBackIndia
7. #YNWA
8....

indianewsbot - Truck-train collision kills si...

indianewsbot - Defence unit in herb deal with...

indianewsbot - Wildlife buffer zone target: I...

ZeeNews - Usain Bolt's latest gold was h...

Earthjustice - Earth is on track to lose an I...

indianewsbot - Parties out of RTI, Centre tel...

indianewsbot - UN tribunal halts marines' tri...

kuvynaxinut - At Least 6 Dead as Runaway Tru...

JackieStreetz - wait... The Game is dating Ind...

MsCandyPants_ - RT @Desisgone: The Game caught...

toi_SidharthaK - No need to panic, India to gai...

ledapopacaz - At Least 6 Dead as Runaway Tru...

TheHindu - Losing the plot on India-Pakis...

madisontamargo - RT @ItsJusTragic: " This don't...

toi_SurojitG - No need to panic, India to gai...

anirudhsurana - RT @digvijaya_28: Another one ...

Skipped because Hindi En festivales como el Holi en #India es tradición adornar a los elefantes Estado de Rajasthan. #Ecuador #Quito http://t.co/WuwCYvj2z1
congressleaders - RT @INCIndia: Smriti Irani's l...

UChiEnergy - The world's largest solar powe...

GhaneAkan - New article: REFILE-Tropical f...

Skipped because Hindi RT @AndreaAndregard: 3 COSE: che l'india MANTE SPUDORATAMENTE E SA DI MENTIRE!!! https://t.co/ed8TTYFjLE
NikolaosK1942 - New article: REFILE-Tropical f...

THComment - Losing the plot on India-Pakis...

FredicBs01 - New article: REFILE-Tropical f...

the_hindu - Losing the plot on India-Pakis...

ItalianAware - Interesting article: UN Tribun...

MykelBeyotch - RT @mterry337: Humans Are Set ...

ndskaushal - Islamic India: The Biggest Hol...

BAJ_Folarin - RT @Ivan_splash: The Game out ...

pandemie6 - 'Rise in #swineflu, dengue, ga...

DccKarimnagar - RT @INCIndia: We have heard of...

mikeev1982 - Lowest Air fares to India – Si...

M_Indya - @ashishranjan016 @AdityaMenon2...

_queentyanna - RT @Desisgone: The Game caught...

ExeptionNeiL - RT @Desisgone: The Game caught...

Skipped because Hindi Sensex Crashes 1624 Points, Erodes Rs. 7 Lakh Crore Investor Wealth - NDTV http://t.co/iqltMqo5pR #sensex #india
nanaaO3 - RT @Desisgone: The Game caught...

ashokmuscat - RT @timesofindia: Colonel on O...

Anm_LadyOfDeath - It has nothing to do with Engl...

jogtweet - @Britanniacomms @oldpicsarchiv...

Negocios_Verdes - Un #Aeropuerto solar es realid...

IGS_tec - Un #Aeropuerto solar es realid...

Xtheylovejas - RT @Ivan_splash: The Game out ...

3NovicesHyd - #3novices : UN tribunal asks I...

beautifulbett10 - RT @Desisgone: The Game caught...

Skipped because Hindi @JhanwarRajendra @coomarashish   hisab to nahi leki bjp ko desh ne 2004 me only pyaj ke price badney par hara dia tha
Munish19692003 - RT @dimaagkoshot: This is the ...

Skipped because Hindi RT @charlesmilander: Todos sacan pecho en el Silicon Valley de la India por el nuevo CEO de Google http://t.co/aybOKNlEGA #charlesmilander
daak2prasanna - RT @ibnlive: Indian dossier ex...

3NovicesHyd - #3novices : India, Nepal to ki...

stupidlong - RT @ChinkyMaaay: @imightberay ...

anish55555 - RT @TOISportsNews: Thank you f...

EverythingGoa - Centre to grant aid for berths...

Skipped because Hindi @CaroRossio1 de ja vu gordu. No seas india
Bogatov_Vjache - RT @AJEnglish: Meet the 'toile...

TrvpSvtvn - RT @Scufy6: The game: "you tel...

Lovingkeyy - RT @Desisgone: The Game caught...

NewsYab - India Launches Vidya Lakshmi S...

SoFarGoneChris - RT @Desisgone: The Game caught...

bleu_dice - RT @Desisgone: The Game caught...

emussj - RT @CECHR_UoD: On track to los...

Skipped because Hindi CHPSRE: Humans Are Set To Wipe An India-Sized Chunk Of Forest Off The Earth By 2050 http://t.co/e6RWo3x5NL via c… http://t.co/HYopdATIJL
CubanCountess - BBC - Travel - Southern India’...

princess_naancy - RT @GxldSociety: Omg India and...

RadioTMI - My brother's freaking out over...

Skipped because Hindi EVP Star of India "Help Me" http://t.co/5VMzMncvtA http://t.co/BSW8Cw9Lgw
infobrokerworld - Company Credit Report #India w...

Goldie_Ross - RT @brennonthekidd_: the game ...

CRamusevic - RT @zakmak20: 6 Professional B...

1DeMirr - RT @Desisgone: The Game caught...

Schehariar - RT @Islam_Press: INDIA:  Ahmad...

youbihar - BJP wins 19 out of 24 seats in...

Promoepicentre - Can Uber Win India Without A N...

Skipped because Hindi 😂😂😂😂😂😂😂😂 https://t.co/vZ3AIr4mmC
e3garden - RT @uinhumanity: #Mangrove #co...

Beduac - http://t.co/luoQpNoFye #news E...

KillarySwank - India love turned into a celeb...

Beduac - http://t.co/luoQpNoFye #news U...

katherinesuxs - RT @Desisgone: The Game caught...

iTameLions - RT @Desisgone: The Game caught...

Skipped because Hindi RT @charlesmilander: El Silicon Valley de la India saca pecho por el nuevo director de Google http://t.co/2hX0fjMdk8 #charlesmilander
tterIndia - RT @TOIIndiaNews: BJP never pr...

AASiiiaapacific - #India Rebound Forecast for In...

Skipped because Hindi RT @AnjuNagarajan: @ArvindKejriwal  कुछ काम नही करते और काम करने वालोंका रस्ता काले बिल्ली जैसा काटते हो। थोड़ी शर्म करो। औकादे देल्ही😂 htt…
Skipped because Hindi #XboxOne #Amazon – Xbox One Will Not Be Exclusive to Amazon India From Next Month – The Xbox ... http://t.co/ESor6aWFjj #NBA #BasketBall
julbeelee - India, beware, lest you find y...

noVed6 - @thegame @Indialoveinc Explain...

unfitahchoo07 - RT @Water: This little girl’s ...

peenhess - RT @Desisgone: The Game caught...

Skipped because Hindi &lt;&lt;&lt;&lt;&lt;&lt;&lt;&lt;&lt;  http://t.co/XYPypRBF0k &gt;&gt;&gt;&gt;&gt;&gt;&gt;&gt;&gt; 【#RETWEET】 #MUSIC#ChennaiExpressLive #Murray #Ishrat Jahan #wimbledon #India #YoungRising #TF…
anibal2912 - RT @Negocios_Verdes: Un #Aerop...

239bigdude - RT @Desisgone: The Game caught...

geokem7 - RT @RSKarim1: "Indians Not All...

Sinful_Loveee - RT @SargeMighty: @thegame  out...

harjitgoswami - @ibnlive India must try other ...

SHP_business - Explore the Franco-Tamil Cuisi...

shri_bal - It's high time this oldie reti...

Zekiahhh - RT @Desisgone: The Game caught...

EatSleep101 - RT @Desisgone: The Game caught...

Jackthelad1947 - Humans Set To Wipe An India-Si...

Skipped because Hindi gwarn India http://t.co/4AYqkZrMwG
yungburrito_1 - RT @Ivan_splash: The Game out ...

Skipped because Hindi RT @GnocchiGene: Nuovi modi di dire." Duri meno di un gatto in tangenziale " viene sostituito da" Duri meno di Zaza alla Juve" #SkyCalciome…
Skipped because Hindi Mehh. Takde rasa nak balik india pun. Reput rumah lagi best
Skipped because Hindi Falsiane fique feliz vc é sagrada na India
BenJSilverman - Earth is on track to lose an I...

BreaknNews - AJEnglish: Meet the 'toilet ma...

Munish19692003 - RT @coolfunnytshirt: Rahul Gan...

voiceofqaim - QT "It's Delhi,  India http://...

Jayceenev - RT @Desisgone: The Game caught...

ZGSTCanada - RT @ZGWashington: @ZGSTLouisia...

Skipped because Hindi 😂😂😂😂😂😂😂 https://t.co/QGlcgcPbuB
Skipped because Hindi 😯 https://t.co/IrPKPRiTKe
Skipped because Hindi #telemarketing Google Lobbied Against Real Net Neutrality In India, Just Like It Did In The States http://t.co/G6QAvSmtQk
PerfectlyAnkit - Losing the plot on India-Pakis...

simoneinthisb - RT @GxldSociety: Omg India and...

InsanSabdil - RT @saloniradhainsa: #MSG2Teas...

human995522 - @DrNandanSingh1 @loosebool @Mo...

SelfieRobot - #mytajmemory The most incredib...

Vivah_Jewellery - Here's a look at some awe-insp...

Abu_Hasnain - @AQpk and they are choocha who...

Skipped because Hindi çalkantı india
hsteirer - RT @GxldSociety: Omg India and...

DTNIndia - DTN India: Punjabi University ...

DTNIndia - DTN India: Examining Majithia ...

DTNIndia - DTN India: Truck rams into tra...

DTNIndia - DTN India: HC asks Centre to a...

DTNIndia - DTN India: Residents fight for...

Naiboogz - RT @brennonthekidd_: the game ...

rubendvasquez1 - RT @AJEnglish: Meet the 'toile...

persecutionnews - Shooting reminds #Christians i...

Emylay371 - RT @Desisgone: The Game caught...

YasmineFrantz - @TeamAnubhuti This girl is goi...

TrishCulnane - @RajuReddy_Erra This show is g...

PKonweb - Google has ability to 'rig ele...

telebrundo - they need to catch him getting...

drimranqamar - India-made arms seized from Ba...

ShayneDetro - @yahiyatweetz Help India make ...

RoyFinzel - @prxncessally. Join India's be...

Skipped because Hindi Omg😨 https://t.co/wfjcz3K7nS
RaySchlott - @neerajajaya1224). Join India'...

OrphaGalamay - @dick_diver This show is going...

MuslimanoTweets - Meet my middle finger from the...

Skipped because Hindi Y perdi a mi mejor amigo por una india de la criolla!!
Skipped because Hindi CHPSRE: Humans Are Set To Wipe An India-Sized Chunk Of Forest Off The Earth By 2050 http://t.co/k9n6q19i9x via c… http://t.co/6FVNztHeWe
Skipped because Hindi La India: 'A Marc Anthony le molesta que le pregunten por mí' http://t.co/mZrRvQu3WA
EF517_V2 - The only "servers" I ever touc...

Skipped because Hindi 😭😭 India  https://t.co/lgvvc3fQR3
IlonaBeucler - @jheil. Help India make a Scam...

KyleVernetti - @m60401275 Help India make a S...

KimberyTrebil - @theFirstHandle Help India mak...

StatsbikeUAE - RT @DunyaNews: India cancels F...

DannieHumason - @peeta_ead Join India's best s...

FekuBuster - RT @Joydas: Chidambaram had on...

aliyia_babez - RT @Desisgone: The Game caught...

GlennDuca - @vishuvishal121 Join India's b...

shreyachawla93 - @madhuridixit This girl is goi...

ThaliaGaro - @rohitraval7547 Join India's b...

LavelleAlmeida - @PMona851 Join India's best so...

tellemlashae - RT @Ivan_splash: The Game out ...

yeseniatwigs - RT @KillarySwank: India love t...

TonaHierholzer - @PurviPritesh) Join India's be...

Yoga_del_Guru - Why follow the herd? Discover ...

CynnBadTweets - RT @Desisgone: The Game caught...

4_Empowerments - #DalaiLama is stomping on Budd...

RosetteLefebure - @RoopaHinton) Help India make ...

VioletBalton - @ratnawalivyas). Help India ma...

Skipped because Hindi #StartupLife Can Uber Win India Without A Native Mobile Wallet? http://t.co/wGhOMhEEWB
ShanteWen - @165799Raj This girl is going ...

RosyEwy - @neeluan50 This show is going ...

Gauribee - India got it's first🚅🚎 bullet ...

Skipped because Hindi 😂😂😂 https://t.co/WAwTsBclkK
Biman_Baruah - RT @Mustakim2rahman: @himantab...

LakeshaVreeman - @outlook.com Help India make a...

geokem7 - RT @DavidRomeiPHD: I have warn...

LajuanaChartraw - @SANDEEP62933646 Help India ma...

DccKarimnagar - RT @INCIndia: Smriti Irani's l...

Shermineh2 - RT @EWInstitute: @EWInstitute'...

notiven - RT: @ajenglish :Meet the 'toil...

KieshaAucoin - @ModiFansClub Help India make ...

EddaMieles - @peskyme This show is going vi...

JasmineCholico - @phuxter) Join India's best so...

DebbiSanty - @swapnaja0 Join India's best s...

amz360 - RT @ExSecular: 300 terrorists ...

CorineFreer - @sri50: Join India's best soci...

EneidaViejo - @drroomasinha) This show is go...

TaylorJ105 - RT @Desisgone: The Game caught...

BannedUpSed - RT @Ivan_splash: The Game out ...

RobertPeckpt89 - Bitches be having hair from IN...

Skipped because Hindi RT @AristeguiOnline: Rescatan a bebé elefante atrapado dentro de un pozo en India (Video) http://t.co/SICDgPzhDt
afri_son - RT @Desisgone: The Game caught...

ENotifier - News link - http://t.co/YefDbM...

Franksaur - RT @INTLSpectator: BRICS GDP g...

FekuBuster - RT @DrunkVinodMehta: Chidambar...

cbelive_com - Google Political Election Site...

ENotifier - #India #Women Mumbai: St Xavie...

ENotifier - #India #Women Mumbai: St Xavie...

Agarwal_Prash - RT @ExSecular: 300 terrorists ...

Skipped because Hindi lmfaoo https://t.co/is3QhbAXFA
NalinDesai1 - RT @nishashah88: It was grave ...

indiansuperbot - RT @iUtkarshJoshi: Great to se...

ENotifier - What security risk do shorts a...

WheelsOnOurFeet - Sight-seeing in Munsiyari, #Ut...

JancilynHuff - RT @Desisgone: The Game caught...

Skipped because Hindi http://t.co/8NY9c3MYXm ENotifier: News link - http://t.co/YefDbMKvtM … … … … … … … … …… http://t.co/vbR8hdTMBq http://t.co/3yPryX6E4t
fleabagssuper03 - RT @Water: This little girl’s ...

j0rdynnn_ - RT @Desisgone: The Game caught...

Skipped because Hindi http://t.co/8NY9c3MYXm ENotifier: News link - http://t.co/YefDbMKvtM … … … … … … … … …… http://t.co/84inkpYtD7 http://t.co/EteNJ3ZSlt
AllyOop_3 - RT @GxldSociety: Omg India and...

Skipped because Hindi http://t.co/8NY9c3MYXm ENotifier: News link - http://t.co/YefDbMKvtM … … … … … … … … …… http://t.co/kTtIbLWGLw http://t.co/YtYgMee214
sarModikar - I don't believe myself that I ...

marieantwanett - RT @Desisgone: The Game caught...

plural_india - RT @Ritatornad: Accept it Arun...

Skipped because Hindi http://t.co/8NY9c3MYXm ENotifier: News link - http://t.co/YefDbMKvtM … … … … … … … … …… http://t.co/rjnSRWs9Tm http://t.co/AlCCPP7WSY
Skipped because Hindi RT @PARAPSICOPATA: em alguns lugares isso aqui é conhecido como Transito da India, bom eu prefiro chamar de meus pensamentos http://t.co/RG…
germanrodrigo99 - @oficialHASSAM y sumer c por l...

m0chamami - You bitches talking shit bout ...

realdarin - RT @Earthjustice: Earth is on ...

SaveAslave - RT @PixelProject: #INDIA: @UNF...

ENotifier - Guys here's Thakur college.
On...

ENotifier - Guys here's Thakur college.
On...

Skipped because Hindi RT @digvijaya_28: Nahin 50 nahin 60 nahin 70 nahin 125! Kitnein ?125 ! Kitnein ? 125 ! Modi ji Zindabad ! http://t.co/52NrNRDnkV
Janelle_Mal - RT @brennonthekidd_: the game ...

ZeeTVRetweets - I`m clean and FIFA isn`t corru...

ZeeTVRetweets - Usain Bolt's latest gold was h...

AnimalRightsJen - #India #Israel Israeli Navy Ch...

Skipped because Hindi 😂😂😂😂😂 https://t.co/iJnhMRfp21
lipstickpundit1 - RT @persecutionnews: Shooting ...

Auroraa_Atlanta - RT @GxldSociety: Omg India and...

Munsifdaily - Indian cricket captain Virat K...

savageassK - RT @Desisgone: The Game caught...

Verifiedd_Hazel - RT @Desisgone: The Game caught...

arleanmartine75 - Delhi government does not even...

Juuuuu___ - RT @Ivan_splash: The Game out ...

supreamewolf - RT @Ivan_splash: The Game out ...

theonlykeyonna - RT @Ivan_splash: The Game out ...

ayooo_trene - Lmfao that don't even look lik...

plural_india - RT @Rahul_Ramesh: It's Time fo...

InsanSabdil - RT @amsobittyagi: @newsnation ...

Skipped because Hindi Pronto muchas novedades ¡¡¡
Bolsos etnicos de la india , os encantaran ¡¡¡¡
Kar_Sevak - RT @tufailelif: Yogendra Yadav...

Rocking_Virat - RT http://t.co/W3UWzrFm4p khal...

Skipped because Hindi RT @AndreaAndregard: Mi auguro che l'india fallisca! per i pescatori non vado oltre! amburgo la vergogna dell'europa e del mondo! https://t…
ignaciopreciad5 - RT @Negocios_Verdes: Un #Aerop...

Rocking_Virat - RT http://t.co/W3UWzrFm4p alha...

blaxkonblaxk - He licked his finger after neg...

dlsrilanka - Five key moments of second Ind...

FatenXerox - (Editorial) Another dead end h...

blaxkonblaxk - RT @Desisgone: The Game caught...

dlsrilanka - India in Sri Lanka: Colombo Te...

Abrams_Ayo - RT @AJEnglish: Meet the 'toile...

Skipped because Hindi #XboxOne #Amazon – Xbox One Will Not Be Exclusive to Amazon India From Next Month – The Xbox One wil... http://t.co/ESor6aWFjj / #chrome
Skipped because Hindi Rescatan a bebé elefante atrapado dentro de un pozo en India (Video) http://t.co/yAthCtFmwV
Skipped because Hindi Uber Going All Out In Vital India Market, Doubles Footprint In Two Months http://t.co/cFSanHWvcd
idbkr - India’s women-only building si...

QueenTay___ - RT @Desisgone: The Game caught...

asyaintheraw - What in the entire fuck https:...

Skipped because Hindi Yuk2 Ikut Main Poker kesini http://t.co/klbaf41xJ4 Banyak Promosi Menarik &amp; bisa main lewat Android &amp; ios loh! (^o^) https://t.co/zADYX1zVKc
felicsjp - RT @SecurityWeek: Chinese Hack...

__ikrxm - RT @SargeMighty: @thegame  out...

YoungBenji_25 - RT @Desisgone: The Game caught...

Skipped because Hindi RT @CharityKuerzr: News: Google Lobbied Against Real Net Neutrality In India, Just Like It Did In The ... – google http://t.co/lm0ZAPt4XP #…
PickDigest - Why Is Public Breastfeeding A ...

Duniiidun - RT @Desisgone: The Game caught...

ShardulSharma1 - @RebelliousID yes now tell ur ...

lovemy_alyssa - RT @LordeAlli: Yall stay talki...

Skipped because Hindi #Noticias Rescatan a bebé elefante atrapado dentro de un pozo en India (Video) http://t.co/SZkOOnJZvn
_culombiana - RT @Desisgone: The Game caught...

queennieceee - RT @Ivan_splash: The Game out ...

alshghar319795 - Earth is on track to lose an I...

ElliotKotek - Kerala, India has the world's ...

Skipped because Hindi "Il dolore si può vincere in tanti modi, ognuno c'ha il suo. E io lo faccio attraverso le canzoni e questa è "Se rinasci".."
Janelle_Mal - RT @Absentions: I didn't even ...

jasakarnsingh - RT @HTPunjab: A devout #Sikh, ...

RetweetTONYB - RT @Desisgone: The Game caught...

GreenHome2010 - India approves 50 solar cities...

SammGee - Not my girl India 😪...

Pretty_Niraa - RT @Ivan_splash: The Game out ...

DaBman1878 - @TaodeHaas dig deep enough we ...

invisible369666 - RT @AJEnglish: Meet the 'toile...

Kdj_Rockz - RT @Desisgone: The Game caught...

MSucameli - RT @AJEnglish: Meet the 'toile...

Bsp_Gaming - [1/2].@Bsp_Gaming: Hello, ツ Tr...

ashokmuscat - RT @ZeeNews: I`m clean and FIF...

Skipped because Hindi 😭😭😭😭😭 https://t.co/ojFudrqJR8
Arthurlee_M - RT @persecutionnews: Shooting ...

MinutePostIndia - #MP #India CBI gets 3 weeks to...

LeedsReTweet - RT @duncanpub: India ale 5%abv...

KASM_KR - RT @indiaforums: Some more @Ta...

khalidrafiq141 - Salman started gym culture in ...

beastbo1100 - RT @GxldSociety: Omg India and...

wild_Fox54 - RT @Desisgone: The Game caught...

Naukese__ - @tbowie_ what is this foolishn...

LewinRoy - Advantages with regard to grou...

LiLi_M88 - RT @SargeMighty: @thegame  out...

cbelive_com - Google Political Election Site...

Skipped because Hindi RT @isorrisidiemma: "Il dolore si può vincere in tanti modi, ognuno c'ha il suo. E io lo faccio attraverso le canzoni e questa è "Se rinasc…
Skipped because Hindi CHPSRE http://t.co/oDmGHaM05v: Humans Are Set To Wipe An India-Sized Chunk Of Forest Off The Earth By 2050 http://t.co/ojg1ePmrcq via cl…
ProdigyEscapeTv - RT @Desisgone: The Game caught...

Skipped because Hindi jia321ali from  http://t.co/QgRveLUWCu #desi #indian #india #date #dating #marry #marriage #marrying #arranged http://t.co/cCJeF0jK3u
Sn0ManKilla - RT @Desisgone: The Game caught...

Indiansdatings - Destiny from  http://t.co/jVaz...

22FOURCOM - #Karachi SAMAA TV (press relea...

FaiziSays - RT @FarhanKVirk: RETWEET and S...

HotelBravo07 - RT linzspotter_aviationpics Ai...

tanvi_madan - #India to send deputy foreign ...

Skipped because Hindi lskolkata from  http://t.co/MCMw3yjVJy #desi #indian #india #date #dating #marry #marriage #marrying #arranged http://t.co/vq2qPKN7xc
KASM_KR - RT @BollyFunMasti: #Tamasha: #...

Skipped because Hindi Lmfao  https://t.co/0nh0XbQSTy
Skipped because Hindi adira from  http://t.co/fMNgJgl3Qz #desi #indian #india #date #dating #marry #marriage #marrying #arranged http://t.co/4fBioJanQx
iaovalley2004 - RT @Earthjustice: Earth is on ...

LambertsOswald - Progress thereby ezeego1 india...

abdulazeez1229 - RT @AJEnglish: Meet the 'toile...

Skipped because Hindi gritikaagarwal from  http://t.co/R3pIybGAFn #desi #indian #india #date #dating #marry #marriage #marrying #arrang… http://t.co/XSgQFitPQP
EdGrimaldo - Que bonitooooo!  https://t.co/...

classic_kenn - RT @Desisgone: The Game caught...

advgcanaria - Chill on a beach, trek tea pla...

Indiansdatings - only from  http://t.co/D67YGWi...

SvenDings - Chill on a beach, trek tea pla...

moneyminkia - Lmao I'm guessing Game didn't ...

NalinDesai1 - RT @ProudHindu9: Gandhis in Sh...

isthat_ty - RT @GxldSociety: Omg India and...

Skipped because Hindi Shurti agarwal23 from  http://t.co/zImQ5szG96 #desi #indian #india #date #dating #marry #marriage #marrying #arra… http://t.co/7pvGOyc7yc
Meddki885Moha - #news I`m clean and FIFA isn`t...

Meddki885Moha - #news Usain Bolt's latest gold...

Skipped because Hindi La verdad #UAEH en este libro prologo Granados Chapa bajalo @ful_mx @uaeh_comsoc @radiouaeh #FUL2015 http://t.co/wJa4zPlNir #pachuca #india
Skipped because Hindi anush from  http://t.co/mgs64t8EIE #desi #indian #india #date #dating #marry #marriage #marrying #arranged http://t.co/J0WKymBi7S
JDBelieber66 - RT @CollinerSarah: INDIA #MTVH...

amazingreviewsl - Beach Towel Red Cotton Round M...

ashokmuscat - RT @TOIIndiaNews: LeT terroris...

jesssienewby - @indstubbs thanks India!!!! I ...

Skipped because Hindi sophia from  http://t.co/0lUlV9eJfT #desi #indian #india #date #dating #marry #marriage #marrying #arranged http://t.co/tN2R3OFMzo
GMT_BIGMAZ - RT @SargeMighty: @thegame  out...

Rjduwopp - RT @Desisgone: The Game caught...

Skipped because Hindi meenus747 from  http://t.co/fVWvmgLaFW #desi #indian #india #date #dating #marry #marriage #marrying #arranged http://t.co/IFbzltf14G
Skipped because Hindi CHPSRE: Humans Are Set To Wipe An India-Sized Chunk Of Forest Off The Earth By 2050 http://t.co/XCrvxvdFgn via c… http://t.co/nQV2HXJwiO
Skipped because Hindi Lmfao https://t.co/O3XRiJ85Go
close_summable - RT @Water: This little girl’s ...

DespicableT23 - RT @am_iClaire_: 😐  https://t....

Skipped because Hindi TRUPTI from  http://t.co/nG3ksRffBh #desi #indian #india #date #dating #marry #marriage #marrying #arranged http://t.co/TX1Ys5XfPW
Skipped because Hindi Aristegui Noticias - Rescatan a bebé elefante atrapado dentro de un pozo en India (Video) http://t.co/DHP0DuiICx
Empower_Homes - Without India, you can forget ...

MRPL_CC - RT @TOIIndiaNews: Fresh batch ...

Skipped because Hindi 😂😂💀💀💀💀 https://t.co/dgvkHNd5cM
JaylaReneexx - RT @WayneL_Jr: The Game 35, In...

Skipped because Hindi shruti shetty from  http://t.co/YzA64GjqB3 #desi #indian #india #date #dating #marry #marriage #marrying #arranged http://t.co/6dXjIEpsyi
musakaboji - RT @Thecapitalng: $14b Oil Sca...

Crmedinho - Game real as fuck, yall forgot...

Skipped because Hindi Nandini from  http://t.co/glZ0jJeozX #desi #indian #india #date #dating #marry #marriage #marrying #arranged http://t.co/XW4o5Wm3yh
Skipped because Hindi RT @manishssethia: आपिये: सेंसेक्स के गिरने में मोदी जी का हाथ है
BJP: वो कैसे ?
आपिये: वो हमे नही पता,वो बस है तो है, मान लो नही तो यहीं प…
Skipped because Hindi isha from  http://t.co/Qml4xESGCF #desi #indian #india #date #dating #marry #marriage #marrying #arranged http://t.co/KZLcWi2uma
Skipped because Hindi India y la Unión Europea trabajan para zanjar disputa sobre fármacos genéricos. http://t.co/7ZcTXTNkJG
Skipped because Hindi aishu from  http://t.co/ep7dbGa5ie #desi #indian #india #date #dating #marry #marriage #marrying #arranged http://t.co/RNBpMGb1SP
Skipped because Hindi dikilhamu87 from  http://t.co/Tx9Lz9vIjw #desi #indian #india #date #dating #marry #marriage #marrying #arranged http://t.co/E2q8A9NepX
Skipped because Hindi Peregrinos De Shambala,Viaje A India, Novela sobre un viaje a través de India,una peregrinación m ··-&gt; http://t.co/brESDNfUaS #Libros
YouMattOrNahh2 - RT @Desisgone: The Game caught...

NatttSepulveda - India Martinez cantando Nunca ...

Indiansdatings - Mom from  http://t.co/2FJh5IWd...

nhdogmom - RT @AnimalRightsJen: #India #W...

sonutejinder - RT @amsobittyagi: @newsnation ...

reneezy_baby - Game claims the pics w/him&amp...

indiansuperbot - RT @iUtkarshJoshi: @JARiiseOff...

Indiansdatings - twinkle from  http://t.co/tRLy...

_YoGirlNae - RT @Desisgone: The Game caught...

_SavageBody - RT @Ivan_splash: The Game out ...

Skipped because Hindi INDIA: Terrifying 10 Excerpts From Indian Textbooks http://t.co/1g2TWkISfj
